#
# A fatal error has been detected by the Java Runtime Environment:
#
#  SIGSEGV (0xb) at pc=0x0000000112e438d5, pid=29889, tid=23299
#
# JRE version: OpenJDK Runtime Environment (19.0.1+10) (build 19.0.1+10-21)
# Java VM: OpenJDK 64-Bit Server VM (19.0.1+10-21, mixed mode, sharing, tiered, compressed oops, compressed class ptrs, g1 gc, bsd-amd64)
# Problematic frame:
# V  [libjvm.dylib+0x5388d5]  IndexSetIterator::advance_and_next()+0xd5
#
# No core dump will be written. Core dumps have been disabled. To enable core dumping, try "ulimit -c unlimited" before starting Java again
#
# If you would like to submit a bug report, please visit:
#   https://bugreport.java.com/bugreport/crash.jsp
#

---------------  S U M M A R Y ------------

Command Line: -ea -javaagent:/Users/Roman_Tiupin/.m2/repository/org/aspectj/aspectjweaver/1.9.4/aspectjweaver-1.9.4.jar -Didea.test.cyclic.buffer.size=1048576 -javaagent:/Applications/IntelliJ IDEA CE.app/Contents/lib/idea_rt.jar=62863:/Applications/IntelliJ IDEA CE.app/Contents/bin -Dfile.encoding=UTF-8 -Dsun.stdout.encoding=UTF-8 -Dsun.stderr.encoding=UTF-8 com.intellij.rt.testng.RemoteTestNGStarter -usedefaultlisteners false -socket62862 @w@/private/var/folders/qb/sg3pm14j31q207nbsg2hxf2h0000gn/T/idea_working_dirs_testng.tmp -temp /private/var/folders/qb/sg3pm14j31q207nbsg2hxf2h0000gn/T/idea_testng.tmp

Host: "MacBookPro16,1" x86_64 2400 MHz, 16 cores, 32G, Darwin 22.3.0, macOS 13.2.1 (22D68)
Time: Sun Apr 16 17:53:28 2023 EEST elapsed time: 1.395358 seconds (0d 0h 0m 1s)

---------------  T H R E A D  ---------------

Current thread (0x00007fdd1100b000):  JavaThread "C2 CompilerThread0" daemon [_thread_in_native, id=23299, stack(0x000070000ca64000,0x000070000cb64000)]


Current CompileTask:
C2:   1395 2328       4       org.aspectj.weaver.UnresolvedType::signatureToName (670 bytes)

Stack: [0x000070000ca64000,0x000070000cb64000],  sp=0x000070000cb604f0,  free space=1009k
Native frames: (J=compiled Java code, j=interpreted, Vv=VM code, C=native code)
V  [libjvm.dylib+0x5388d5]  IndexSetIterator::advance_and_next()+0xd5
V  [libjvm.dylib+0x52e63a]  PhaseIFG::effective_degree(unsigned int) const+0x18a
V  [libjvm.dylib+0x52e48e]  PhaseIFG::Compute_Effective_Degree()+0x2e
V  [libjvm.dylib+0x2c1943]  PhaseChaitin::Register_Allocate()+0x8e3
V  [libjvm.dylib+0x33fa00]  Compile::Code_Gen()+0x3d0
V  [libjvm.dylib+0x33cd1b]  Compile::Compile(ciEnv*, ciMethod*, int, Options, DirectiveSet*)+0x105b
V  [libjvm.dylib+0x2a161f]  C2Compiler::compile_method(ciEnv*, ciMethod*, int, bool, DirectiveSet*)+0xef
V  [libjvm.dylib+0x34f5be]  CompileBroker::invoke_compiler_on_method(CompileTask*)+0x5fe
V  [libjvm.dylib+0x34ef1c]  CompileBroker::compiler_thread_loop()+0x46c
V  [libjvm.dylib+0xa65c35]  JavaThread::thread_main_inner()+0x125
V  [libjvm.dylib+0xa63e0f]  Thread::call_run()+0xcf
V  [libjvm.dylib+0x8f7a67]  thread_native_entry(Thread*)+0x147
C  [libsystem_pthread.dylib+0x6259]  _pthread_start+0x7d
C  [libsystem_pthread.dylib+0x1c7b]  thread_start+0xf


siginfo: si_signo: 11 (SIGSEGV), si_code: 1 (SEGV_MAPERR), si_addr: 0x0000008113643030

Registers:
RAX=0x0000000000000014, RBX=0x000000000000000d, RCX=0x0000000000000c00, RDX=0x00007fdd190c6c98
RSP=0x000070000cb604f0, RBP=0x000070000cb604f0, RSI=0x000000000000000c, RDI=0x0000008113643030
R8 =0x0000000000000000, R9 =0x0000000113643030, R10=0x000070000cb60500, R11=0x00007fdd17e398a0
R12=0x0000000000000001, R13=0x000070000cb61ef8, R14=0x000070000cb60748, R15=0x000070000cb60500
RIP=0x0000000112e438d5, EFLAGS=0x0000000000010206, ERR=0x0000000000000004
  TRAPNO=0x000000000000000e


Register to memory mapping:

RAX=0x0000000000000014 is an unknown value
RBX=0x000000000000000d is an unknown value
RCX=0x0000000000000c00 is an unknown value
RDX=0x00007fdd190c6c98 points into unknown readable memory: 0x0000000113643030 | 30 30 64 13 01 00 00 00
RSP=0x000070000cb604f0 is pointing into the stack for thread: 0x00007fdd1100b000
RBP=0x000070000cb604f0 is pointing into the stack for thread: 0x00007fdd1100b000
RSI=0x000000000000000c is an unknown value
RDI=0x0000008113643030 is an unknown value
R8 =0x0 is NULL
R9 =0x0000000113643030: _ZN8IndexSet12_empty_blockE+0 in /Users/Roman_Tiupin/Library/Java/JavaVirtualMachines/openjdk-19.0.1/Contents/Home/lib/server/libjvm.dylib at 0x000000011290b000
R10=0x000070000cb60500 is pointing into the stack for thread: 0x00007fdd1100b000
R11=0x00007fdd17e398a0 points into unknown readable memory: 0x0000000000001000 | 00 10 00 00 00 00 00 00
R12=0x0000000000000001 is an unknown value
R13=0x000070000cb61ef8 is pointing into the stack for thread: 0x00007fdd1100b000
R14=0x000070000cb60748 is pointing into the stack for thread: 0x00007fdd1100b000
R15=0x000070000cb60500 is pointing into the stack for thread: 0x00007fdd1100b000


Top of Stack: (sp=0x000070000cb604f0)
0x000070000cb604f0:   000070000cb60550 0000000112e3963a
0x000070000cb60500:   0000000000000000 0000000400000bea
0x000070000cb60510:   000000140000000c 0000008113643030
0x000070000cb60520:   00007fdd190c6c98 00007fdd0a63f2f0
0x000070000cb60530:   0000000000000beb 00007fdd0a698010
0x000070000cb60540:   000070000cb60748 000000000007d26c
0x000070000cb60550:   000070000cb60580 0000000112e3948e
0x000070000cb60560:   000070000cb60598 000070000cb607a8
0x000070000cb60570:   000070000cb60600 00007fdd18020300
0x000070000cb60580:   000070000cb60810 0000000112bcc943
0x000070000cb60590:   000070000cb62068 00007fdd0000000a
0x000070000cb605a0:   000070000cb62d70 00007fdd09f48010
0x000070000cb605b0:   0000000000000000 00007fdd08038010
0x000070000cb605c0:   00007fdd1880f210 00007fdd188116f8
0x000070000cb605d0:   00007fdd1406e920 000070000cb62068
0x000070000cb605e0:   000070000cb61ff8 00007fdd0000140e
0x000070000cb605f0:   000070000cb607a8 00007fdd1020ea00
0x000070000cb60600:   00000001135d0000 0000000000000000
0x000070000cb60610:   000070000cb62d70 000070000cb61e00
0x000070000cb60620:   0000000200000002 000000011346c478
0x000070000cb60630:   0000000000000000 000070000cb62d70
0x000070000cb60640:   0000000000000000 000000011346c478
0x000070000cb60650:   00007fdd17d23e00 00007fdd1020ea30
0x000070000cb60660:   00000000118dc801 0000000000000000
0x000070000cb60670:   000000000000000d 0000000000000000
0x000070000cb60680:   0000000e00000000 0000000000000000
0x000070000cb60690:   000070000cb606b0 0000000113378683
0x000070000cb606a0:   000070000cb606b0 0000000113378745
0x000070000cb606b0:   0000700000000013 0000000112a7f755
0x000070000cb606c0:   00000001135d0000 0000000000000000
0x000070000cb606d0:   000070000cb62d70 000070000cb61e00
0x000070000cb606e0:   0000000000001ef9 000000011346c4e5 

Instructions: (pc=0x0000000112e438d5)
0x0000000112e437d5:   08 48 8b 14 c2 48 89 14 c1 48 8b 4e 08 4c 89 04
0x0000000112e437e5:   c1 8b 07 8b 0e 89 0f 89 06 8b 47 04 8b 4e 04 89
0x0000000112e437f5:   4f 04 89 46 04 5d c3 0f 1f 40 00 55 48 89 e5 49
0x0000000112e43805:   89 fa 8b 47 0c 48 83 f8 03 77 72 49 8b 4a 18 48
0x0000000112e43815:   83 3c c1 00 74 3a 89 c2 41 8b 72 10 c1 e6 08 89
0x0000000112e43825:   c7 c1 e7 06 8d b4 37 00 ff ff ff 41 89 72 08 48
0x0000000112e43835:   8b 14 d1 ff c0 41 89 42 0c 48 0f bc c2 89 c1 48
0x0000000112e43845:   d3 ea 48 ff ca 49 89 12 09 f0 41 89 42 08 5d c3
0x0000000112e43855:   83 f8 03 73 28 48 83 7c c1 08 00 74 05 48 ff c0
0x0000000112e43865:   eb b4 83 f8 01 77 16 48 83 7c c1 10 00 74 06 48
0x0000000112e43875:   83 c0 02 eb a1 85 c0 0f 84 1d 01 00 00 41 8b 72
0x0000000112e43885:   10 41 8b 42 14 45 31 c0 39 c6 0f 83 05 01 00 00
0x0000000112e43895:   89 f1 c1 e1 08 4c 8d 0d 8f f7 7f 00 eb 21 66 2e
0x0000000112e438a5:   0f 1f 84 00 00 00 00 00 0f 1f 00 48 ff c6 89 c2
0x0000000112e438b5:   81 c1 00 01 00 00 48 39 d6 0f 83 d6 00 00 00 49
0x0000000112e438c5:   8b 52 20 48 8b 3c f2 4c 39 cf 74 df 49 89 7a 18
0x0000000112e438d5:   48 83 3f 00 75 73 48 83 7f 08 00 75 70 48 83 7f
0x0000000112e438e5:   10 00 75 70 48 83 7f 18 00 75 70 49 8b 52 28 48
0x0000000112e438f5:   85 d2 74 b7 48 8b 42 08 4c 8b 1c f0 48 8d 3d 10
0x0000000112e43905:   d4 7e 00 ff 17 48 8b 38 48 8b bf a8 05 00 00 48
0x0000000112e43915:   8b bf 80 00 00 00 48 8b bf b8 08 00 00 49 89 3b
0x0000000112e43925:   48 8b 00 48 8b 80 a8 05 00 00 48 8b 80 80 00 00
0x0000000112e43935:   00 4c 89 98 b8 08 00 00 48 8b 42 08 4c 89 0c f0
0x0000000112e43945:   41 8b 42 14 e9 62 ff ff ff 31 d2 eb 13 ba 01 00
0x0000000112e43955:   00 00 eb 0c ba 02 00 00 00 eb 05 ba 03 00 00 00
0x0000000112e43965:   41 89 d0 89 d0 c1 e0 06 09 c8 41 89 42 08 4a 8b
0x0000000112e43975:   3c c7 ff c6 41 89 72 10 ff c2 41 89 52 0c 4c 0f
0x0000000112e43985:   bc c7 44 89 c1 48 d3 ef 48 ff cf 49 89 3a 41 09
0x0000000112e43995:   c0 45 89 42 08 44 89 c0 5d c3 48 83 7c c1 18 00
0x0000000112e439a5:   0f 84 d7 fe ff ff 48 83 c0 03 e9 67 fe ff ff 90
0x0000000112e439b5:   90 90 90 90 90 90 90 90 90 90 90 55 48 89 e5 5d
0x0000000112e439c5:   c3 66 2e 0f 1f 84 00 00 00 00 00 55 48 89 e5 e8 


Stack slot to memory mapping:
stack at sp + 0 slots: 0x000070000cb60550 is pointing into the stack for thread: 0x00007fdd1100b000
stack at sp + 1 slots: 0x0000000112e3963a: _ZNK8PhaseIFG16effective_degreeEj+0x18a in /Users/Roman_Tiupin/Library/Java/JavaVirtualMachines/openjdk-19.0.1/Contents/Home/lib/server/libjvm.dylib at 0x000000011290b000
stack at sp + 2 slots: 0x0 is NULL
stack at sp + 3 slots: 0x0000000400000bea is an unknown value
stack at sp + 4 slots: 0x000000140000000c is an unknown value
stack at sp + 5 slots: 0x0000008113643030 is an unknown value
stack at sp + 6 slots: 0x00007fdd190c6c98 points into unknown readable memory: 0x0000000113643030 | 30 30 64 13 01 00 00 00
stack at sp + 7 slots: 0x00007fdd0a63f2f0 points into unknown readable memory: 0x000000140000000e | 0e 00 00 00 14 00 00 00


---------------  P R O C E S S  ---------------

Threads class SMR info:
_java_thread_list=0x00007fdd1012b660, length=17, elements={
0x00007fdd1880b600, 0x00007fdd11010400, 0x00007fdd12808200, 0x00007fdd1280aa00,
0x00007fdd1280b000, 0x00007fdd1100aa00, 0x00007fdd1100b000, 0x00007fdd1280b600,
0x00007fdd07810800, 0x00007fdd1280bc00, 0x00007fdd1280c200, 0x00007fdd18836400,
0x00007fdd10875000, 0x00007fdd12136000, 0x00007fdd11809200, 0x00007fdd12009000,
0x00007fdd121d3800
}

Java Threads: ( => current thread )
  0x00007fdd1880b600 JavaThread "main" [_thread_in_Java, id=5635, stack(0x000070000bd3a000,0x000070000be3a000)]
  0x00007fdd11010400 JavaThread "Reference Handler" daemon [_thread_blocked, id=22275, stack(0x000070000c555000,0x000070000c655000)]
  0x00007fdd12808200 JavaThread "Finalizer" daemon [_thread_blocked, id=31491, stack(0x000070000c658000,0x000070000c758000)]
  0x00007fdd1280aa00 JavaThread "Signal Dispatcher" daemon [_thread_blocked, id=31235, stack(0x000070000c75b000,0x000070000c85b000)]
  0x00007fdd1280b000 JavaThread "Service Thread" daemon [_thread_blocked, id=30723, stack(0x000070000c85e000,0x000070000c95e000)]
  0x00007fdd1100aa00 JavaThread "Monitor Deflation Thread" daemon [_thread_blocked, id=30467, stack(0x000070000c961000,0x000070000ca61000)]
=>0x00007fdd1100b000 JavaThread "C2 CompilerThread0" daemon [_thread_in_native, id=23299, stack(0x000070000ca64000,0x000070000cb64000)]
  0x00007fdd1280b600 JavaThread "C1 CompilerThread0" daemon [_thread_blocked, id=23555, stack(0x000070000cb67000,0x000070000cc67000)]
  0x00007fdd07810800 JavaThread "Sweeper thread" daemon [_thread_blocked, id=24067, stack(0x000070000cc6a000,0x000070000cd6a000)]
  0x00007fdd1280bc00 JavaThread "Common-Cleaner" daemon [_thread_blocked, id=24579, stack(0x000070000cd6d000,0x000070000ce6d000)]
  0x00007fdd1280c200 JavaThread "C1 CompilerThread1" daemon [_thread_blocked, id=24835, stack(0x000070000ce70000,0x000070000cf70000)]
  0x00007fdd18836400 JavaThread "C1 CompilerThread2" daemon [_thread_in_vm, id=29699, stack(0x000070000cf73000,0x000070000d073000)]
  0x00007fdd10875000 JavaThread "C1 CompilerThread3" daemon [_thread_blocked, id=29443, stack(0x000070000d076000,0x000070000d176000)]
  0x00007fdd12136000 JavaThread "C2 CompilerThread1" daemon [_thread_in_native, id=28931, stack(0x000070000d179000,0x000070000d279000)]
  0x00007fdd11809200 JavaThread "C2 CompilerThread2" daemon [_thread_in_native, id=25859, stack(0x000070000d27c000,0x000070000d37c000)]
  0x00007fdd12009000 JavaThread "Monitor Ctrl-Break" daemon [_thread_in_native, id=34819, stack(0x000070000dea0000,0x000070000dfa0000)]
  0x00007fdd121d3800 JavaThread "Notification Thread" daemon [_thread_blocked, id=35075, stack(0x000070000dfa3000,0x000070000e0a3000)]

Other Threads:
  0x00007fdd10208d60 VMThread "VM Thread" [stack: 0x000070000c34c000,0x000070000c44c000] [id=20227]
  0x00007fdd1012dd00 WatcherThread "VM Periodic Task Thread" [stack: 0x000070000e0a6000,0x000070000e1a6000] [id=41731]
  0x00007fdd180161c0 WorkerThread "GC Thread#0" [stack: 0x000070000be3d000,0x000070000bf3d000] [id=14083]
  0x00007fdd10058110 WorkerThread "GC Thread#1" [stack: 0x000070000d37f000,0x000070000d47f000] [id=28419]
  0x00007fdd1012bd00 WorkerThread "GC Thread#2" [stack: 0x000070000d482000,0x000070000d582000] [id=26371]
  0x00007fdd10058a80 WorkerThread "GC Thread#3" [stack: 0x000070000d585000,0x000070000d685000] [id=28163]
  0x00007fdd1044e740 WorkerThread "GC Thread#4" [stack: 0x000070000d688000,0x000070000d788000] [id=27651]
  0x00007fdd100593b0 WorkerThread "GC Thread#5" [stack: 0x000070000d78b000,0x000070000d88b000] [id=27139]
  0x00007fdd1012c5b0 WorkerThread "GC Thread#6" [stack: 0x000070000d88e000,0x000070000d98e000] [id=32771]
  0x00007fdd18030100 WorkerThread "GC Thread#7" [stack: 0x000070000d991000,0x000070000da91000] [id=33283]
  0x00007fdd18138dd0 WorkerThread "GC Thread#8" [stack: 0x000070000da94000,0x000070000db94000] [id=33539]
  0x00007fdd18030dc0 WorkerThread "GC Thread#9" [stack: 0x000070000db97000,0x000070000dc97000] [id=33795]
  0x00007fdd10230470 WorkerThread "GC Thread#10" [stack: 0x000070000dc9a000,0x000070000dd9a000] [id=34307]
  0x00007fdd10231120 WorkerThread "GC Thread#11" [stack: 0x000070000dd9d000,0x000070000de9d000] [id=42499]
  0x00007fdd10005d20 ConcurrentGCThread "G1 Main Marker" [stack: 0x000070000bf40000,0x000070000c040000] [id=12035]
  0x00007fdd18108dc0 WorkerThread "G1 Conc#0" [stack: 0x000070000c043000,0x000070000c143000] [id=13059]
  0x00007fdd10023a40 ConcurrentGCThread "G1 Refine#0" [stack: 0x000070000c146000,0x000070000c246000] [id=16387]
  0x00007fdd18109a50 ConcurrentGCThread "G1 Service" [stack: 0x000070000c249000,0x000070000c349000] [id=16643]

Threads with active compile tasks:
C2 CompilerThread0     1408 2328       4       org.aspectj.weaver.UnresolvedType::signatureToName (670 bytes)
C1 CompilerThread0     1408 2455       3       jdk.internal.org.objectweb.asm.MethodWriter::visitLdcInsn (215 bytes)
C1 CompilerThread1     1409 2457       3       java.util.HashMap::getNode (150 bytes)
C1 CompilerThread2     1409 2456       3       jdk.internal.org.objectweb.asm.SymbolTable::addConstant (330 bytes)
C1 CompilerThread3     1409 2452       3       jdk.internal.org.objectweb.asm.MethodWriter::computeAllFrames (510 bytes)
C2 CompilerThread1     1409 2347       4       java.io.DataInputStream::readInt (72 bytes)
C2 CompilerThread2     1409 2400   !   4       org.aspectj.weaver.World::resolve (293 bytes)

VM state: not at safepoint (normal execution)

VM Mutex/Monitor currently owned by a thread:  ([mutex/lock_event])
[0x00007fdd177160d0] MethodCompileQueue_lock - owner thread: 0x00007fdd1280b600
[0x00007fdd17718d50] CodeCache_lock - owner thread: 0x0000000000000000

Heap address: 0x0000000600000000, size: 8192 MB, Compressed Oops mode: Zero based, Oop shift amount: 3

CDS archive(s) mapped at: [0x0000000800000000-0x0000000800c44000-0x0000000800c44000), size 12861440, SharedBaseAddress: 0x0000000800000000, ArchiveRelocationMode: 0.
Compressed class space mapped at: 0x0000000801000000-0x0000000841000000, reserved size: 1073741824
Narrow klass base: 0x0000000800000000, Narrow klass shift: 0, Narrow klass range: 0x100000000

GC Precious Log:
 CardTable entry size: 512
 Card Set container configuration: InlinePtr #cards 4 size 8 Array Of Cards #cards 32 size 80 Howl #buckets 8 coarsen threshold 7372 Howl Bitmap #cards 1024 size 144 coarsen threshold 921 Card regions per heap region 1 cards per card region 8192
 CPUs: 16 total, 16 available
 Memory: 32768M
 Large Page Support: Disabled
 NUMA Support: Disabled
 Compressed Oops: Enabled (Zero based)
 Heap Region Size: 4M
 Heap Min Capacity: 8M
 Heap Initial Capacity: 512M
 Heap Max Capacity: 8G
 Pre-touch: Disabled
 Parallel Workers: 13
 Concurrent Workers: 3
 Concurrent Refinement Workers: 13
 Periodic GC: Disabled

Heap:
 garbage-first heap   total 532480K, used 48466K [0x0000000600000000, 0x0000000800000000)
  region size 4096K, 10 young (40960K), 3 survivors (12288K)
 Metaspace       used 15269K, committed 15424K, reserved 1114112K
  class space    used 1385K, committed 1472K, reserved 1048576K

Heap Regions: E=young(eden), S=young(survivor), O=old, HS=humongous(starts), HC=humongous(continues), CS=collection set, F=free, OA=open archive, CA=closed archive, TAMS=top-at-mark-start (previous, next)
|   0|0x0000000600000000, 0x0000000600400000, 0x0000000600400000|100%| O|  |TAMS 0x0000000600000000, 0x0000000600000000| Untracked 
|   1|0x0000000600400000, 0x0000000600760800, 0x0000000600800000| 84%| O|  |TAMS 0x0000000600400000, 0x0000000600400000| Untracked 
|   2|0x0000000600800000, 0x0000000600800000, 0x0000000600c00000|  0%| F|  |TAMS 0x0000000600800000, 0x0000000600800000| Untracked 
|   3|0x0000000600c00000, 0x0000000600c00000, 0x0000000601000000|  0%| F|  |TAMS 0x0000000600c00000, 0x0000000600c00000| Untracked 
|   4|0x0000000601000000, 0x0000000601000000, 0x0000000601400000|  0%| F|  |TAMS 0x0000000601000000, 0x0000000601000000| Untracked 
|   5|0x0000000601400000, 0x0000000601400000, 0x0000000601800000|  0%| F|  |TAMS 0x0000000601400000, 0x0000000601400000| Untracked 
|   6|0x0000000601800000, 0x0000000601800000, 0x0000000601c00000|  0%| F|  |TAMS 0x0000000601800000, 0x0000000601800000| Untracked 
|   7|0x0000000601c00000, 0x0000000601c00000, 0x0000000602000000|  0%| F|  |TAMS 0x0000000601c00000, 0x0000000601c00000| Untracked 
|   8|0x0000000602000000, 0x0000000602000000, 0x0000000602400000|  0%| F|  |TAMS 0x0000000602000000, 0x0000000602000000| Untracked 
|   9|0x0000000602400000, 0x0000000602400000, 0x0000000602800000|  0%| F|  |TAMS 0x0000000602400000, 0x0000000602400000| Untracked 
|  10|0x0000000602800000, 0x0000000602800000, 0x0000000602c00000|  0%| F|  |TAMS 0x0000000602800000, 0x0000000602800000| Untracked 
|  11|0x0000000602c00000, 0x0000000602c00000, 0x0000000603000000|  0%| F|  |TAMS 0x0000000602c00000, 0x0000000602c00000| Untracked 
|  12|0x0000000603000000, 0x0000000603000000, 0x0000000603400000|  0%| F|  |TAMS 0x0000000603000000, 0x0000000603000000| Untracked 
|  13|0x0000000603400000, 0x0000000603400000, 0x0000000603800000|  0%| F|  |TAMS 0x0000000603400000, 0x0000000603400000| Untracked 
|  14|0x0000000603800000, 0x0000000603800000, 0x0000000603c00000|  0%| F|  |TAMS 0x0000000603800000, 0x0000000603800000| Untracked 
|  15|0x0000000603c00000, 0x0000000603c00000, 0x0000000604000000|  0%| F|  |TAMS 0x0000000603c00000, 0x0000000603c00000| Untracked 
|  16|0x0000000604000000, 0x0000000604000000, 0x0000000604400000|  0%| F|  |TAMS 0x0000000604000000, 0x0000000604000000| Untracked 
|  17|0x0000000604400000, 0x0000000604400000, 0x0000000604800000|  0%| F|  |TAMS 0x0000000604400000, 0x0000000604400000| Untracked 
|  18|0x0000000604800000, 0x0000000604800000, 0x0000000604c00000|  0%| F|  |TAMS 0x0000000604800000, 0x0000000604800000| Untracked 
|  19|0x0000000604c00000, 0x0000000604c00000, 0x0000000605000000|  0%| F|  |TAMS 0x0000000604c00000, 0x0000000604c00000| Untracked 
|  20|0x0000000605000000, 0x0000000605000000, 0x0000000605400000|  0%| F|  |TAMS 0x0000000605000000, 0x0000000605000000| Untracked 
|  21|0x0000000605400000, 0x0000000605400000, 0x0000000605800000|  0%| F|  |TAMS 0x0000000605400000, 0x0000000605400000| Untracked 
|  22|0x0000000605800000, 0x0000000605800000, 0x0000000605c00000|  0%| F|  |TAMS 0x0000000605800000, 0x0000000605800000| Untracked 
|  23|0x0000000605c00000, 0x0000000605c00000, 0x0000000606000000|  0%| F|  |TAMS 0x0000000605c00000, 0x0000000605c00000| Untracked 
|  24|0x0000000606000000, 0x0000000606000000, 0x0000000606400000|  0%| F|  |TAMS 0x0000000606000000, 0x0000000606000000| Untracked 
|  25|0x0000000606400000, 0x0000000606400000, 0x0000000606800000|  0%| F|  |TAMS 0x0000000606400000, 0x0000000606400000| Untracked 
|  26|0x0000000606800000, 0x0000000606800000, 0x0000000606c00000|  0%| F|  |TAMS 0x0000000606800000, 0x0000000606800000| Untracked 
|  27|0x0000000606c00000, 0x0000000606c00000, 0x0000000607000000|  0%| F|  |TAMS 0x0000000606c00000, 0x0000000606c00000| Untracked 
|  28|0x0000000607000000, 0x0000000607000000, 0x0000000607400000|  0%| F|  |TAMS 0x0000000607000000, 0x0000000607000000| Untracked 
|  29|0x0000000607400000, 0x0000000607400000, 0x0000000607800000|  0%| F|  |TAMS 0x0000000607400000, 0x0000000607400000| Untracked 
|  30|0x0000000607800000, 0x0000000607800000, 0x0000000607c00000|  0%| F|  |TAMS 0x0000000607800000, 0x0000000607800000| Untracked 
|  31|0x0000000607c00000, 0x0000000607c00000, 0x0000000608000000|  0%| F|  |TAMS 0x0000000607c00000, 0x0000000607c00000| Untracked 
|  32|0x0000000608000000, 0x0000000608000000, 0x0000000608400000|  0%| F|  |TAMS 0x0000000608000000, 0x0000000608000000| Untracked 
|  33|0x0000000608400000, 0x0000000608400000, 0x0000000608800000|  0%| F|  |TAMS 0x0000000608400000, 0x0000000608400000| Untracked 
|  34|0x0000000608800000, 0x0000000608800000, 0x0000000608c00000|  0%| F|  |TAMS 0x0000000608800000, 0x0000000608800000| Untracked 
|  35|0x0000000608c00000, 0x0000000608c00000, 0x0000000609000000|  0%| F|  |TAMS 0x0000000608c00000, 0x0000000608c00000| Untracked 
|  36|0x0000000609000000, 0x0000000609000000, 0x0000000609400000|  0%| F|  |TAMS 0x0000000609000000, 0x0000000609000000| Untracked 
|  37|0x0000000609400000, 0x0000000609400000, 0x0000000609800000|  0%| F|  |TAMS 0x0000000609400000, 0x0000000609400000| Untracked 
|  38|0x0000000609800000, 0x0000000609800000, 0x0000000609c00000|  0%| F|  |TAMS 0x0000000609800000, 0x0000000609800000| Untracked 
|  39|0x0000000609c00000, 0x0000000609c00000, 0x000000060a000000|  0%| F|  |TAMS 0x0000000609c00000, 0x0000000609c00000| Untracked 
|  40|0x000000060a000000, 0x000000060a000000, 0x000000060a400000|  0%| F|  |TAMS 0x000000060a000000, 0x000000060a000000| Untracked 
|  41|0x000000060a400000, 0x000000060a400000, 0x000000060a800000|  0%| F|  |TAMS 0x000000060a400000, 0x000000060a400000| Untracked 
|  42|0x000000060a800000, 0x000000060a800000, 0x000000060ac00000|  0%| F|  |TAMS 0x000000060a800000, 0x000000060a800000| Untracked 
|  43|0x000000060ac00000, 0x000000060ac00000, 0x000000060b000000|  0%| F|  |TAMS 0x000000060ac00000, 0x000000060ac00000| Untracked 
|  44|0x000000060b000000, 0x000000060b000000, 0x000000060b400000|  0%| F|  |TAMS 0x000000060b000000, 0x000000060b000000| Untracked 
|  45|0x000000060b400000, 0x000000060b400000, 0x000000060b800000|  0%| F|  |TAMS 0x000000060b400000, 0x000000060b400000| Untracked 
|  46|0x000000060b800000, 0x000000060b800000, 0x000000060bc00000|  0%| F|  |TAMS 0x000000060b800000, 0x000000060b800000| Untracked 
|  47|0x000000060bc00000, 0x000000060bc00000, 0x000000060c000000|  0%| F|  |TAMS 0x000000060bc00000, 0x000000060bc00000| Untracked 
|  48|0x000000060c000000, 0x000000060c000000, 0x000000060c400000|  0%| F|  |TAMS 0x000000060c000000, 0x000000060c000000| Untracked 
|  49|0x000000060c400000, 0x000000060c400000, 0x000000060c800000|  0%| F|  |TAMS 0x000000060c400000, 0x000000060c400000| Untracked 
|  50|0x000000060c800000, 0x000000060c800000, 0x000000060cc00000|  0%| F|  |TAMS 0x000000060c800000, 0x000000060c800000| Untracked 
|  51|0x000000060cc00000, 0x000000060cc00000, 0x000000060d000000|  0%| F|  |TAMS 0x000000060cc00000, 0x000000060cc00000| Untracked 
|  52|0x000000060d000000, 0x000000060d000000, 0x000000060d400000|  0%| F|  |TAMS 0x000000060d000000, 0x000000060d000000| Untracked 
|  53|0x000000060d400000, 0x000000060d400000, 0x000000060d800000|  0%| F|  |TAMS 0x000000060d400000, 0x000000060d400000| Untracked 
|  54|0x000000060d800000, 0x000000060d800000, 0x000000060dc00000|  0%| F|  |TAMS 0x000000060d800000, 0x000000060d800000| Untracked 
|  55|0x000000060dc00000, 0x000000060dc00000, 0x000000060e000000|  0%| F|  |TAMS 0x000000060dc00000, 0x000000060dc00000| Untracked 
|  56|0x000000060e000000, 0x000000060e000000, 0x000000060e400000|  0%| F|  |TAMS 0x000000060e000000, 0x000000060e000000| Untracked 
|  57|0x000000060e400000, 0x000000060e400000, 0x000000060e800000|  0%| F|  |TAMS 0x000000060e400000, 0x000000060e400000| Untracked 
|  58|0x000000060e800000, 0x000000060e800000, 0x000000060ec00000|  0%| F|  |TAMS 0x000000060e800000, 0x000000060e800000| Untracked 
|  59|0x000000060ec00000, 0x000000060ec00000, 0x000000060f000000|  0%| F|  |TAMS 0x000000060ec00000, 0x000000060ec00000| Untracked 
|  60|0x000000060f000000, 0x000000060f000000, 0x000000060f400000|  0%| F|  |TAMS 0x000000060f000000, 0x000000060f000000| Untracked 
|  61|0x000000060f400000, 0x000000060f400000, 0x000000060f800000|  0%| F|  |TAMS 0x000000060f400000, 0x000000060f400000| Untracked 
|  62|0x000000060f800000, 0x000000060f800000, 0x000000060fc00000|  0%| F|  |TAMS 0x000000060f800000, 0x000000060f800000| Untracked 
|  63|0x000000060fc00000, 0x000000060fc00000, 0x0000000610000000|  0%| F|  |TAMS 0x000000060fc00000, 0x000000060fc00000| Untracked 
|  64|0x0000000610000000, 0x0000000610000000, 0x0000000610400000|  0%| F|  |TAMS 0x0000000610000000, 0x0000000610000000| Untracked 
|  65|0x0000000610400000, 0x0000000610400000, 0x0000000610800000|  0%| F|  |TAMS 0x0000000610400000, 0x0000000610400000| Untracked 
|  66|0x0000000610800000, 0x0000000610800000, 0x0000000610c00000|  0%| F|  |TAMS 0x0000000610800000, 0x0000000610800000| Untracked 
|  67|0x0000000610c00000, 0x0000000610c00000, 0x0000000611000000|  0%| F|  |TAMS 0x0000000610c00000, 0x0000000610c00000| Untracked 
|  68|0x0000000611000000, 0x0000000611000000, 0x0000000611400000|  0%| F|  |TAMS 0x0000000611000000, 0x0000000611000000| Untracked 
|  69|0x0000000611400000, 0x0000000611400000, 0x0000000611800000|  0%| F|  |TAMS 0x0000000611400000, 0x0000000611400000| Untracked 
|  70|0x0000000611800000, 0x0000000611800000, 0x0000000611c00000|  0%| F|  |TAMS 0x0000000611800000, 0x0000000611800000| Untracked 
|  71|0x0000000611c00000, 0x0000000611c00000, 0x0000000612000000|  0%| F|  |TAMS 0x0000000611c00000, 0x0000000611c00000| Untracked 
|  72|0x0000000612000000, 0x0000000612000000, 0x0000000612400000|  0%| F|  |TAMS 0x0000000612000000, 0x0000000612000000| Untracked 
|  73|0x0000000612400000, 0x0000000612400000, 0x0000000612800000|  0%| F|  |TAMS 0x0000000612400000, 0x0000000612400000| Untracked 
|  74|0x0000000612800000, 0x0000000612800000, 0x0000000612c00000|  0%| F|  |TAMS 0x0000000612800000, 0x0000000612800000| Untracked 
|  75|0x0000000612c00000, 0x0000000612c00000, 0x0000000613000000|  0%| F|  |TAMS 0x0000000612c00000, 0x0000000612c00000| Untracked 
|  76|0x0000000613000000, 0x0000000613000000, 0x0000000613400000|  0%| F|  |TAMS 0x0000000613000000, 0x0000000613000000| Untracked 
|  77|0x0000000613400000, 0x0000000613400000, 0x0000000613800000|  0%| F|  |TAMS 0x0000000613400000, 0x0000000613400000| Untracked 
|  78|0x0000000613800000, 0x0000000613800000, 0x0000000613c00000|  0%| F|  |TAMS 0x0000000613800000, 0x0000000613800000| Untracked 
|  79|0x0000000613c00000, 0x0000000613c00000, 0x0000000614000000|  0%| F|  |TAMS 0x0000000613c00000, 0x0000000613c00000| Untracked 
|  80|0x0000000614000000, 0x0000000614000000, 0x0000000614400000|  0%| F|  |TAMS 0x0000000614000000, 0x0000000614000000| Untracked 
|  81|0x0000000614400000, 0x0000000614400000, 0x0000000614800000|  0%| F|  |TAMS 0x0000000614400000, 0x0000000614400000| Untracked 
|  82|0x0000000614800000, 0x0000000614800000, 0x0000000614c00000|  0%| F|  |TAMS 0x0000000614800000, 0x0000000614800000| Untracked 
|  83|0x0000000614c00000, 0x0000000614c00000, 0x0000000615000000|  0%| F|  |TAMS 0x0000000614c00000, 0x0000000614c00000| Untracked 
|  84|0x0000000615000000, 0x0000000615000000, 0x0000000615400000|  0%| F|  |TAMS 0x0000000615000000, 0x0000000615000000| Untracked 
|  85|0x0000000615400000, 0x0000000615400000, 0x0000000615800000|  0%| F|  |TAMS 0x0000000615400000, 0x0000000615400000| Untracked 
|  86|0x0000000615800000, 0x0000000615800000, 0x0000000615c00000|  0%| F|  |TAMS 0x0000000615800000, 0x0000000615800000| Untracked 
|  87|0x0000000615c00000, 0x0000000615c00000, 0x0000000616000000|  0%| F|  |TAMS 0x0000000615c00000, 0x0000000615c00000| Untracked 
|  88|0x0000000616000000, 0x0000000616000000, 0x0000000616400000|  0%| F|  |TAMS 0x0000000616000000, 0x0000000616000000| Untracked 
|  89|0x0000000616400000, 0x0000000616400000, 0x0000000616800000|  0%| F|  |TAMS 0x0000000616400000, 0x0000000616400000| Untracked 
|  90|0x0000000616800000, 0x0000000616800000, 0x0000000616c00000|  0%| F|  |TAMS 0x0000000616800000, 0x0000000616800000| Untracked 
|  91|0x0000000616c00000, 0x0000000616c00000, 0x0000000617000000|  0%| F|  |TAMS 0x0000000616c00000, 0x0000000616c00000| Untracked 
|  92|0x0000000617000000, 0x0000000617000000, 0x0000000617400000|  0%| F|  |TAMS 0x0000000617000000, 0x0000000617000000| Untracked 
|  93|0x0000000617400000, 0x0000000617400000, 0x0000000617800000|  0%| F|  |TAMS 0x0000000617400000, 0x0000000617400000| Untracked 
|  94|0x0000000617800000, 0x0000000617800000, 0x0000000617c00000|  0%| F|  |TAMS 0x0000000617800000, 0x0000000617800000| Untracked 
|  95|0x0000000617c00000, 0x0000000617c00000, 0x0000000618000000|  0%| F|  |TAMS 0x0000000617c00000, 0x0000000617c00000| Untracked 
|  96|0x0000000618000000, 0x0000000618000000, 0x0000000618400000|  0%| F|  |TAMS 0x0000000618000000, 0x0000000618000000| Untracked 
|  97|0x0000000618400000, 0x0000000618400000, 0x0000000618800000|  0%| F|  |TAMS 0x0000000618400000, 0x0000000618400000| Untracked 
|  98|0x0000000618800000, 0x0000000618800000, 0x0000000618c00000|  0%| F|  |TAMS 0x0000000618800000, 0x0000000618800000| Untracked 
|  99|0x0000000618c00000, 0x0000000618c00000, 0x0000000619000000|  0%| F|  |TAMS 0x0000000618c00000, 0x0000000618c00000| Untracked 
| 100|0x0000000619000000, 0x0000000619000000, 0x0000000619400000|  0%| F|  |TAMS 0x0000000619000000, 0x0000000619000000| Untracked 
| 101|0x0000000619400000, 0x0000000619400000, 0x0000000619800000|  0%| F|  |TAMS 0x0000000619400000, 0x0000000619400000| Untracked 
| 102|0x0000000619800000, 0x0000000619800000, 0x0000000619c00000|  0%| F|  |TAMS 0x0000000619800000, 0x0000000619800000| Untracked 
| 103|0x0000000619c00000, 0x0000000619c00000, 0x000000061a000000|  0%| F|  |TAMS 0x0000000619c00000, 0x0000000619c00000| Untracked 
| 104|0x000000061a000000, 0x000000061a000000, 0x000000061a400000|  0%| F|  |TAMS 0x000000061a000000, 0x000000061a000000| Untracked 
| 105|0x000000061a400000, 0x000000061a400000, 0x000000061a800000|  0%| F|  |TAMS 0x000000061a400000, 0x000000061a400000| Untracked 
| 106|0x000000061a800000, 0x000000061a800000, 0x000000061ac00000|  0%| F|  |TAMS 0x000000061a800000, 0x000000061a800000| Untracked 
| 107|0x000000061ac00000, 0x000000061ac00000, 0x000000061b000000|  0%| F|  |TAMS 0x000000061ac00000, 0x000000061ac00000| Untracked 
| 108|0x000000061b000000, 0x000000061b400000, 0x000000061b400000|100%| S|CS|TAMS 0x000000061b000000, 0x000000061b000000| Complete 
| 109|0x000000061b400000, 0x000000061b800000, 0x000000061b800000|100%| S|CS|TAMS 0x000000061b400000, 0x000000061b400000| Complete 
| 110|0x000000061b800000, 0x000000061bc00000, 0x000000061bc00000|100%| S|CS|TAMS 0x000000061b800000, 0x000000061b800000| Complete 
| 111|0x000000061bc00000, 0x000000061bc00000, 0x000000061c000000|  0%| F|  |TAMS 0x000000061bc00000, 0x000000061bc00000| Untracked 
| 112|0x000000061c000000, 0x000000061c000000, 0x000000061c400000|  0%| F|  |TAMS 0x000000061c000000, 0x000000061c000000| Untracked 
| 113|0x000000061c400000, 0x000000061c400000, 0x000000061c800000|  0%| F|  |TAMS 0x000000061c400000, 0x000000061c400000| Untracked 
| 114|0x000000061c800000, 0x000000061c800000, 0x000000061cc00000|  0%| F|  |TAMS 0x000000061c800000, 0x000000061c800000| Untracked 
| 115|0x000000061cc00000, 0x000000061cc00000, 0x000000061d000000|  0%| F|  |TAMS 0x000000061cc00000, 0x000000061cc00000| Untracked 
| 116|0x000000061d000000, 0x000000061d000000, 0x000000061d400000|  0%| F|  |TAMS 0x000000061d000000, 0x000000061d000000| Untracked 
| 117|0x000000061d400000, 0x000000061d400000, 0x000000061d800000|  0%| F|  |TAMS 0x000000061d400000, 0x000000061d400000| Untracked 
| 118|0x000000061d800000, 0x000000061d800000, 0x000000061dc00000|  0%| F|  |TAMS 0x000000061d800000, 0x000000061d800000| Untracked 
| 119|0x000000061dc00000, 0x000000061dc00000, 0x000000061e000000|  0%| F|  |TAMS 0x000000061dc00000, 0x000000061dc00000| Untracked 
| 120|0x000000061e000000, 0x000000061e000000, 0x000000061e400000|  0%| F|  |TAMS 0x000000061e000000, 0x000000061e000000| Untracked 
| 121|0x000000061e400000, 0x000000061e5115e8, 0x000000061e800000| 26%| E|  |TAMS 0x000000061e400000, 0x000000061e400000| Complete 
| 122|0x000000061e800000, 0x000000061ec00000, 0x000000061ec00000|100%| E|CS|TAMS 0x000000061e800000, 0x000000061e800000| Complete 
| 123|0x000000061ec00000, 0x000000061f000000, 0x000000061f000000|100%| E|CS|TAMS 0x000000061ec00000, 0x000000061ec00000| Complete 
| 124|0x000000061f000000, 0x000000061f400000, 0x000000061f400000|100%| E|CS|TAMS 0x000000061f000000, 0x000000061f000000| Complete 
| 125|0x000000061f400000, 0x000000061f800000, 0x000000061f800000|100%| E|CS|TAMS 0x000000061f400000, 0x000000061f400000| Complete 
| 126|0x000000061f800000, 0x000000061fc00000, 0x000000061fc00000|100%| E|CS|TAMS 0x000000061f800000, 0x000000061f800000| Complete 
| 127|0x000000061fc00000, 0x0000000620000000, 0x0000000620000000|100%| E|CS|TAMS 0x000000061fc00000, 0x000000061fc00000| Complete 
|2046|0x00000007ff800000, 0x00000007ffb77000, 0x00000007ffc00000| 86%|OA|  |TAMS 0x00000007ff800000, 0x00000007ff800000| Untracked 
|2047|0x00000007ffc00000, 0x00000007ffc7d000, 0x0000000800000000| 12%|CA|  |TAMS 0x00000007ffc00000, 0x00000007ffc00000| Untracked 

Card table byte_map: [0x000000012b8f7000,0x000000012c8f7000] _byte_map_base: 0x00000001288f7000

Marking Bits (Prev, Next): (CMBitMap*) 0x00007fdd1080b010, (CMBitMap*) 0x00007fdd1080b050
 Prev Bits: [0x000000012d8f7000, 0x00000001358f7000)
 Next Bits: [0x00000001358f7000, 0x000000013d8f7000)

Polling page: 0x0000000109639000

Metaspace:

Usage:
  Non-class:     13.58 MB used.
      Class:      1.36 MB used.
       Both:     14.93 MB used.

Virtual space:
  Non-class space:       64.00 MB reserved,      13.62 MB ( 21%) committed,  1 nodes.
      Class space:        1.00 GB reserved,       1.50 MB ( <1%) committed,  1 nodes.
             Both:        1.06 GB reserved,      15.12 MB (  1%) committed. 

Chunk freelists:
   Non-Class:  2.31 MB
       Class:  2.48 MB
        Both:  4.80 MB

MaxMetaspaceSize: unlimited
CompressedClassSpaceSize: 1.00 GB
Initial GC threshold: 21.00 MB
Current GC threshold: 21.00 MB
CDS: on
MetaspaceReclaimPolicy: balanced
 - commit_granule_bytes: 65536.
 - commit_granule_words: 8192.
 - virtual_space_node_default_size: 8388608.
 - enlarge_chunks_in_place: 1.
 - new_chunks_are_fully_committed: 0.
 - uncommit_free_chunks: 1.
 - use_allocation_guard: 0.


Internal statistics:

num_allocs_failed_limit: 0.
num_arena_births: 108.
num_arena_deaths: 0.
num_vsnodes_births: 2.
num_vsnodes_deaths: 0.
num_space_committed: 242.
num_space_uncommitted: 0.
num_chunks_returned_to_freelist: 0.
num_chunks_taken_from_freelist: 457.
num_chunk_merges: 0.
num_chunk_splits: 361.
num_chunks_enlarged: 318.
num_inconsistent_stats: 0.

CodeHeap 'non-profiled nmethods': size=119168Kb used=1444Kb max_used=1444Kb free=117723Kb
 bounds [0x0000000123497000, 0x0000000123707000, 0x000000012a8f7000]
CodeHeap 'profiled nmethods': size=119164Kb used=6054Kb max_used=6054Kb free=113109Kb
 bounds [0x000000011b8f7000, 0x000000011bee7000, 0x0000000122d56000]
CodeHeap 'non-nmethods': size=7428Kb used=2959Kb max_used=3026Kb free=4468Kb
 bounds [0x0000000122d56000, 0x0000000123066000, 0x0000000123497000]
 total_blobs=2923 nmethods=2432 adapters=398
 compilation: enabled
              stopped_count=0, restarted_count=0
 full_count=0

Compilation events (20 events):
Event: 1.388 Thread 0x00007fdd12136000 nmethod 2339 0x00000001235fab10 code [0x00000001235fad80, 0x00000001235fc770]
Event: 1.388 Thread 0x00007fdd18836400 2414       3       java.lang.invoke.AbstractValidatingLambdaMetafactory::isAdaptableTo (126 bytes)
Event: 1.388 Thread 0x00007fdd10875000 nmethod 2412 0x000000011bec1c90 code [0x000000011bec1e80, 0x000000011bec2190]
Event: 1.388 Thread 0x00007fdd12136000 2365       4       java.util.concurrent.locks.ReentrantLock$NonfairSync::initialTryLock (58 bytes)
Event: 1.389 Thread 0x00007fdd18836400 nmethod 2414 0x000000011bec2310 code [0x000000011bec25c0, 0x000000011bec2fd0]
Event: 1.389 Thread 0x00007fdd1280b600 nmethod 2408 0x000000011bec3390 code [0x000000011bec37a0, 0x000000011bec5160]
Event: 1.389 Thread 0x00007fdd1280c200 2415       1       java.lang.String::value (5 bytes)
Event: 1.389 Thread 0x00007fdd1280c200 nmethod 2415 0x00000001235fd510 code [0x00000001235fd6a0, 0x00000001235fd770]
Event: 1.390 Thread 0x00007fdd12136000 nmethod 2365 0x00000001235fd810 code [0x00000001235fd9a0, 0x00000001235fdb78]
Event: 1.390 Thread 0x00007fdd12136000 2342       4       java.util.concurrent.locks.ReentrantLock$Sync::tryRelease (51 bytes)
Event: 1.390 Thread 0x00007fdd11809200 nmethod 2344 0x00000001235fdc10 code [0x00000001235fde00, 0x00000001235fe3a0]
Event: 1.390 Thread 0x00007fdd11809200 2341       4       java.util.concurrent.locks.AbstractQueuedSynchronizer::compareAndSetState (13 bytes)
Event: 1.390 Thread 0x00007fdd11809200 nmethod 2341 0x00000001235fe810 code [0x00000001235fe980, 0x00000001235fea18]
Event: 1.390 Thread 0x00007fdd11809200 2400   !   4       org.aspectj.weaver.World::resolve (293 bytes)
Event: 1.390 Thread 0x00007fdd12136000 nmethod 2342 0x00000001235feb10 code [0x00000001235feca0, 0x00000001235fee38]
Event: 1.391 Thread 0x00007fdd12136000 2347       4       java.io.DataInputStream::readInt (72 bytes)
Event: 1.391 Thread 0x00007fdd10875000 2417       3       java.util.Arrays::hashCode (56 bytes)
Event: 1.391 Thread 0x00007fdd1280c200 2416       1       java.lang.reflect.Method::getDeclaringClass (5 bytes)
Event: 1.391 Thread 0x00007fdd1280c200 nmethod 2416 0x00000001235fef10 code [0x00000001235ff0a0, 0x00000001235ff170]
Event: 1.391 Thread 0x00007fdd10875000 nmethod 2417 0x000000011bec5a90 code [0x000000011bec5c60, 0x000000011bec5fc0]

GC Heap History (6 events):
Event: 0.428 GC heap before
{Heap before GC invocations=0 (full 0):
 garbage-first heap   total 532480K, used 24528K [0x0000000600000000, 0x0000000800000000)
  region size 4096K, 6 young (24576K), 0 survivors (0K)
 Metaspace       used 5900K, committed 6016K, reserved 1114112K
  class space    used 530K, committed 576K, reserved 1048576K
}
Event: 0.431 GC heap after
{Heap after GC invocations=1 (full 0):
 garbage-first heap   total 532480K, used 9223K [0x0000000600000000, 0x0000000800000000)
  region size 4096K, 1 young (4096K), 1 survivors (4096K)
 Metaspace       used 5900K, committed 6016K, reserved 1114112K
  class space    used 530K, committed 576K, reserved 1048576K
}
Event: 0.799 GC heap before
{Heap before GC invocations=1 (full 0):
 garbage-first heap   total 532480K, used 37895K [0x0000000600000000, 0x0000000800000000)
  region size 4096K, 8 young (32768K), 1 survivors (4096K)
 Metaspace       used 9977K, committed 10176K, reserved 1114112K
  class space    used 894K, committed 1024K, reserved 1048576K
}
Event: 0.804 GC heap after
{Heap after GC invocations=2 (full 0):
 garbage-first heap   total 532480K, used 15067K [0x0000000600000000, 0x0000000800000000)
  region size 4096K, 1 young (4096K), 1 survivors (4096K)
 Metaspace       used 9977K, committed 10176K, reserved 1114112K
  class space    used 894K, committed 1024K, reserved 1048576K
}
Event: 1.226 GC heap before
{Heap before GC invocations=2 (full 0):
 garbage-first heap   total 532480K, used 80603K [0x0000000600000000, 0x0000000800000000)
  region size 4096K, 17 young (69632K), 1 survivors (4096K)
 Metaspace       used 13910K, committed 14080K, reserved 1114112K
  class space    used 1219K, committed 1280K, reserved 1048576K
}
Event: 1.231 GC heap after
{Heap after GC invocations=3 (full 0):
 garbage-first heap   total 532480K, used 23890K [0x0000000600000000, 0x0000000800000000)
  region size 4096K, 3 young (12288K), 3 survivors (12288K)
 Metaspace       used 13910K, committed 14080K, reserved 1114112K
  class space    used 1219K, committed 1280K, reserved 1048576K
}

Dll operation events (9 events):
Event: 0.010 Loaded shared library /Users/Roman_Tiupin/Library/Java/JavaVirtualMachines/openjdk-19.0.1/Contents/Home/lib/libjava.dylib
Event: 0.079 Loaded shared library /Users/Roman_Tiupin/Library/Java/JavaVirtualMachines/openjdk-19.0.1/Contents/Home/lib/libzip.dylib
Event: 0.080 Loaded shared library /Users/Roman_Tiupin/Library/Java/JavaVirtualMachines/openjdk-19.0.1/Contents/Home/lib/libinstrument.dylib
Event: 0.084 Loaded shared library /Users/Roman_Tiupin/Library/Java/JavaVirtualMachines/openjdk-19.0.1/Contents/Home/lib/libnio.dylib
Event: 0.089 Loaded shared library /Users/Roman_Tiupin/Library/Java/JavaVirtualMachines/openjdk-19.0.1/Contents/Home/lib/libzip.dylib
Event: 0.154 Loaded shared library /Users/Roman_Tiupin/Library/Java/JavaVirtualMachines/openjdk-19.0.1/Contents/Home/lib/libjimage.dylib
Event: 0.435 Loaded shared library /Users/Roman_Tiupin/Library/Java/JavaVirtualMachines/openjdk-19.0.1/Contents/Home/lib/libnet.dylib
Event: 0.445 Loaded shared library /Users/Roman_Tiupin/Library/Java/JavaVirtualMachines/openjdk-19.0.1/Contents/Home/lib/libextnet.dylib
Event: 0.517 Loaded shared library /Users/Roman_Tiupin/Library/Java/JavaVirtualMachines/openjdk-19.0.1/Contents/Home/lib/libverify.dylib

Deoptimization events (20 events):
Event: 1.196 Thread 0x00007fdd1880b600 DEOPT PACKING pc=0x0000000123562ef0 sp=0x000070000be32ed0
Event: 1.196 Thread 0x00007fdd1880b600 DEOPT UNPACKING pc=0x0000000122dbc299 sp=0x000070000be32e68 mode 2
Event: 1.198 Thread 0x00007fdd1880b600 Uncommon trap: trap_request=0xffffff45 fr.pc=0x000000012355550c relative=0x0000000000001d8c
Event: 1.198 Thread 0x00007fdd1880b600 Uncommon trap: reason=unstable_if action=reinterpret pc=0x000000012355550c method=org.aspectj.weaver.World.resolve(Lorg/aspectj/weaver/UnresolvedType;Z)Lorg/aspectj/weaver/ResolvedType; @ 85 c2
Event: 1.198 Thread 0x00007fdd1880b600 DEOPT PACKING pc=0x000000012355550c sp=0x000070000be32fa0
Event: 1.198 Thread 0x00007fdd1880b600 DEOPT UNPACKING pc=0x0000000122dbc299 sp=0x000070000be32eb0 mode 2
Event: 1.199 Thread 0x00007fdd1880b600 DEOPT PACKING pc=0x000000012359773c sp=0x000070000be334e0
Event: 1.199 Thread 0x00007fdd1880b600 DEOPT UNPACKING pc=0x0000000122dbca2f sp=0x000070000be32920 mode 0
Event: 1.199 Thread 0x00007fdd1880b600 Uncommon trap: trap_request=0xffffff45 fr.pc=0x00000001235c895c relative=0x0000000000001c7c
Event: 1.199 Thread 0x00007fdd1880b600 Uncommon trap: reason=unstable_if action=reinterpret pc=0x00000001235c895c method=org.aspectj.weaver.TypeFactory.createTypeFromSignature(Ljava/lang/String;)Lorg/aspectj/weaver/UnresolvedType; @ 330 c2
Event: 1.199 Thread 0x00007fdd1880b600 DEOPT PACKING pc=0x00000001235c895c sp=0x000070000be33120
Event: 1.199 Thread 0x00007fdd1880b600 DEOPT UNPACKING pc=0x0000000122dbc299 sp=0x000070000be330a8 mode 2
Event: 1.199 Thread 0x00007fdd1880b600 Uncommon trap: trap_request=0xffffffc6 fr.pc=0x00000001235c8fa4 relative=0x00000000000022c4
Event: 1.199 Thread 0x00007fdd1880b600 Uncommon trap: reason=bimorphic_or_optimized_type_check action=maybe_recompile pc=0x00000001235c8fa4 method=org.aspectj.weaver.TypeFactory.createTypeFromSignature(Ljava/lang/String;)Lorg/aspectj/weaver/UnresolvedType; @ 281 c2
Event: 1.199 Thread 0x00007fdd1880b600 DEOPT PACKING pc=0x00000001235c8fa4 sp=0x000070000be33250
Event: 1.199 Thread 0x00007fdd1880b600 DEOPT UNPACKING pc=0x0000000122dbc299 sp=0x000070000be331d8 mode 2
Event: 1.389 Thread 0x00007fdd1880b600 Uncommon trap: trap_request=0xffffff45 fr.pc=0x00000001234e79b8 relative=0x0000000000001118
Event: 1.389 Thread 0x00007fdd1880b600 Uncommon trap: reason=unstable_if action=reinterpret pc=0x00000001234e79b8 method=java.util.jar.JarFile.getVersionedEntry(Ljava/lang/String;Ljava/util/jar/JarEntry;)Ljava/util/jar/JarEntry; @ 26 c2
Event: 1.389 Thread 0x00007fdd1880b600 DEOPT PACKING pc=0x00000001234e79b8 sp=0x000070000be32bb0
Event: 1.389 Thread 0x00007fdd1880b600 DEOPT UNPACKING pc=0x0000000122dbc299 sp=0x000070000be32bb0 mode 2

Classes loaded (20 events):
Event: 1.313 Loading class java/lang/ProcessEnvironment
Event: 1.313 Loading class java/lang/ProcessEnvironment done
Event: 1.313 Loading class java/lang/ProcessEnvironment$Variable
Event: 1.313 Loading class java/lang/ProcessEnvironment$ExternalData
Event: 1.313 Loading class java/lang/ProcessEnvironment$ExternalData done
Event: 1.313 Loading class java/lang/ProcessEnvironment$Variable done
Event: 1.313 Loading class java/lang/ProcessEnvironment$Value
Event: 1.313 Loading class java/lang/ProcessEnvironment$Value done
Event: 1.313 Loading class java/lang/ProcessEnvironment$StringEnvironment
Event: 1.313 Loading class java/lang/ProcessEnvironment$StringEnvironment done
Event: 1.316 Loading class java/lang/ThreadLocal$SuppliedThreadLocal
Event: 1.316 Loading class java/lang/ThreadLocal$SuppliedThreadLocal done
Event: 1.347 Loading class java/lang/invoke/VarHandleInts$FieldInstanceReadWrite
Event: 1.347 Loading class java/lang/invoke/VarHandleInts$FieldInstanceReadWrite done
Event: 1.387 Loading class java/util/HashMap$KeySpliterator
Event: 1.387 Loading class java/util/HashMap$KeySpliterator done
Event: 1.389 Loading class java/util/regex/Pattern$BnM
Event: 1.389 Loading class java/util/regex/Pattern$BnM done
Event: 1.389 Loading class java/util/regex/Pattern$SliceS
Event: 1.389 Loading class java/util/regex/Pattern$SliceS done

Classes unloaded (0 events):
No events

Classes redefined (0 events):
No events

Internal exceptions (20 events):
Event: 0.380 Thread 0x00007fdd1880b600 Exception <a 'java/lang/ArrayIndexOutOfBoundsException'{0x000000061e8b97d0}: Index 9 out of bounds for length 9> (0x000000061e8b97d0) 
thrown [open/src/hotspot/share/interpreter/interpreterRuntime.cpp, line 432]
Event: 0.380 Thread 0x00007fdd1880b600 Exception <a 'java/lang/ArrayIndexOutOfBoundsException'{0x000000061e8b9da8}: Index 9 out of bounds for length 9> (0x000000061e8b9da8) 
thrown [open/src/hotspot/share/interpreter/interpreterRuntime.cpp, line 432]
Event: 0.380 Thread 0x00007fdd1880b600 Exception <a 'java/lang/ArrayIndexOutOfBoundsException'{0x000000061e8ba380}: Index 9 out of bounds for length 9> (0x000000061e8ba380) 
thrown [open/src/hotspot/share/interpreter/interpreterRuntime.cpp, line 432]
Event: 0.380 Thread 0x00007fdd1880b600 Exception <a 'java/lang/ArrayIndexOutOfBoundsException'{0x000000061e8bf680}> (0x000000061e8bf680) 
thrown [open/src/hotspot/share/runtime/sharedRuntime.cpp, line 630]
Event: 0.380 Thread 0x00007fdd1880b600 Exception <a 'java/lang/ArrayIndexOutOfBoundsException'{0x000000061e8bfc58}> (0x000000061e8bfc58) 
thrown [open/src/hotspot/share/runtime/sharedRuntime.cpp, line 630]
Event: 0.380 Thread 0x00007fdd1880b600 Exception <a 'java/lang/ArrayIndexOutOfBoundsException'{0x000000061e8c0230}: Index 7 out of bounds for length 7> (0x000000061e8c0230) 
thrown [open/src/hotspot/share/interpreter/interpreterRuntime.cpp, line 432]
Event: 0.450 Thread 0x00007fdd1880b600 Exception <a 'java/lang/NoSuchMethodError'{0x000000061fc5dca0}: 'void java.lang.invoke.DirectMethodHandle$Holder.invokeStatic(java.lang.Object, java.lang.Object)'> (0x000000061fc5dca0) 
thrown [open/src/hotspot/share/interpreter/linkResolver.cpp, line 774]
Event: 0.450 Thread 0x00007fdd12009000 Exception <a 'java/lang/NoSuchMethodError'{0x000000061fce9f30}: 'void java.lang.invoke.DirectMethodHandle$Holder.invokeStatic(java.lang.Object, java.lang.Object)'> (0x000000061fce9f30) 
thrown [open/src/hotspot/share/interpreter/linkResolver.cpp, line 774]
Event: 0.524 Thread 0x00007fdd1880b600 Exception <a 'java/lang/NoClassDefFoundError'{0x000000061fb5ad68}: org/slf4j/impl/StaticLoggerBinder> (0x000000061fb5ad68) 
thrown [open/src/hotspot/share/classfile/systemDictionary.cpp, line 244]
Event: 0.568 Thread 0x00007fdd1880b600 Exception <a 'java/lang/NoSuchMethodError'{0x000000061f6bf038}: 'int java.lang.invoke.DirectMethodHandle$Holder.invokeStaticInit(java.lang.Object, java.lang.Object)'> (0x000000061f6bf038) 
thrown [open/src/hotspot/share/interpreter/linkResolver.cpp, line 774]
Event: 0.672 Thread 0x00007fdd1880b600 Exception <a 'java/lang/NoSuchMethodError'{0x000000061eeacee0}: 'void java.lang.invoke.Invokers$Holder.invokeExact_MT(java.lang.Object, java.lang.Object, java.lang.Object, java.lang.Object)'> (0x000000061eeacee0) 
thrown [open/src/hotspot/share/interpreter/linkResolver.cpp, line 774]
Event: 0.693 Thread 0x00007fdd1880b600 Exception <a 'java/lang/ClassNotFoundException'{0x000000061e81c5f0}: com/sun/org/apache/xerces/internal/impl/msg/spi/SAXMessagesProvider> (0x000000061e81c5f0) 
thrown [open/src/hotspot/share/classfile/systemDictionary.cpp, line 255]
Event: 0.740 Thread 0x00007fdd1880b600 Exception <a 'java/lang/NoSuchMethodError'{0x000000061ea942c0}: 'void java.lang.invoke.DirectMethodHandle$Holder.invokeSpecial(java.lang.Object, java.lang.Object, java.lang.Object)'> (0x000000061ea942c0) 
thrown [open/src/hotspot/share/interpreter/linkResolver.cpp, line 774]
Event: 0.756 Thread 0x00007fdd1880b600 Exception <a 'java/lang/NoSuchMethodError'{0x000000061eb6d930}: 'void java.lang.invoke.DirectMethodHandle$Holder.invokeVirtual(java.lang.Object, java.lang.Object)'> (0x000000061eb6d930) 
thrown [open/src/hotspot/share/interpreter/linkResolver.cpp, line 774]
Event: 0.804 Thread 0x00007fdd1880b600 Implicit null exception at 0x0000000123544e8b to 0x0000000123546214
Event: 1.340 Thread 0x00007fdd1880b600 Exception <a 'java/lang/NoSuchMethodError'{0x000000061ed0fcd8}: 'int java.lang.invoke.DirectMethodHandle$Holder.invokeInterface(java.lang.Object, java.lang.Object)'> (0x000000061ed0fcd8) 
thrown [open/src/hotspot/share/interpreter/linkResolver.cpp, line 774]
Event: 1.342 Thread 0x00007fdd1880b600 Exception <a 'java/lang/NoSuchMethodError'{0x000000061ed1a058}: 'java.lang.Object java.lang.invoke.Invokers$Holder.invokeExact_MT(java.lang.Object, java.lang.Object, java.lang.Object, java.lang.Object, java.lang.Object, java.lang.Object)'> (0x000000061ed1a058) 
thrown [open/src/hotspot/share/interpreter/linkResolver.cpp, line 774]
Event: 1.344 Thread 0x00007fdd1880b600 Exception <a 'java/lang/NoSuchMethodError'{0x000000061ed2fba8}: 'java.lang.Object java.lang.invoke.DirectMethodHandle$Holder.invokeInterface(java.lang.Object, java.lang.Object)'> (0x000000061ed2fba8) 
thrown [open/src/hotspot/share/interpreter/linkResolver.cpp, line 774]
Event: 1.348 Thread 0x00007fdd1880b600 Exception <a 'java/lang/NoSuchMethodError'{0x000000061ed8e0b8}: 'int java.lang.invoke.DirectMethodHandle$Holder.invokeVirtual(java.lang.Object, java.lang.Object)'> (0x000000061ed8e0b8) 
thrown [open/src/hotspot/share/interpreter/linkResolver.cpp, line 774]
Event: 1.371 Thread 0x00007fdd1880b600 Exception <a 'java/lang/NoSuchMethodError'{0x000000061e850620}: 'int java.lang.invoke.DirectMethodHandle$Holder.invokeStaticInit(java.lang.Object, java.lang.Object, java.lang.Object)'> (0x000000061e850620) 
thrown [open/src/hotspot/share/interpreter/linkResolver.cpp, line 774]

VM Operations (20 events):
Event: 0.994 Executing VM operation: ICBufferFull
Event: 0.994 Executing VM operation: ICBufferFull done
Event: 1.012 Executing VM operation: HandshakeAllThreads
Event: 1.012 Executing VM operation: HandshakeAllThreads done
Event: 1.121 Executing VM operation: HandshakeAllThreads
Event: 1.121 Executing VM operation: HandshakeAllThreads done
Event: 1.199 Executing VM operation: HandshakeAllThreads
Event: 1.199 Executing VM operation: HandshakeAllThreads done
Event: 1.199 Executing VM operation: HandshakeAllThreads
Event: 1.199 Executing VM operation: HandshakeAllThreads done
Event: 1.201 Executing VM operation: ICBufferFull
Event: 1.201 Executing VM operation: ICBufferFull done
Event: 1.226 Executing VM operation: G1CollectForAllocation
Event: 1.231 Executing VM operation: G1CollectForAllocation done
Event: 1.306 Executing VM operation: HandshakeAllThreads
Event: 1.306 Executing VM operation: HandshakeAllThreads done
Event: 1.306 Executing VM operation: HandshakeAllThreads
Event: 1.306 Executing VM operation: HandshakeAllThreads done
Event: 1.310 Executing VM operation: HandshakeAllThreads
Event: 1.310 Executing VM operation: HandshakeAllThreads done

Events (20 events):
Event: 0.034 Thread 0x00007fdd1280b600 Thread added: 0x00007fdd1280b600
Event: 0.034 Protecting memory [0x000070000cb67000,0x000070000cb6b000] with protection modes 0
Event: 0.035 Thread 0x00007fdd07810800 Thread added: 0x00007fdd07810800
Event: 0.035 Protecting memory [0x000070000cc6a000,0x000070000cc6e000] with protection modes 0
Event: 0.061 Thread 0x00007fdd1280bc00 Thread added: 0x00007fdd1280bc00
Event: 0.061 Protecting memory [0x000070000cd6d000,0x000070000cd71000] with protection modes 0
Event: 0.067 Thread 0x00007fdd1280c200 Thread added: 0x00007fdd1280c200
Event: 0.067 Protecting memory [0x000070000ce70000,0x000070000ce74000] with protection modes 0
Event: 0.067 Thread 0x00007fdd18836400 Thread added: 0x00007fdd18836400
Event: 0.067 Protecting memory [0x000070000cf73000,0x000070000cf77000] with protection modes 0
Event: 0.067 Thread 0x00007fdd10875000 Thread added: 0x00007fdd10875000
Event: 0.067 Protecting memory [0x000070000d076000,0x000070000d07a000] with protection modes 0
Event: 0.194 Thread 0x00007fdd12136000 Thread added: 0x00007fdd12136000
Event: 0.194 Protecting memory [0x000070000d179000,0x000070000d17d000] with protection modes 0
Event: 0.418 Thread 0x00007fdd11809200 Thread added: 0x00007fdd11809200
Event: 0.418 Protecting memory [0x000070000d27c000,0x000070000d280000] with protection modes 0
Event: 0.433 Thread 0x00007fdd12009000 Thread added: 0x00007fdd12009000
Event: 0.433 Protecting memory [0x000070000dea0000,0x000070000dea4000] with protection modes 0
Event: 0.433 Thread 0x00007fdd121d3800 Thread added: 0x00007fdd121d3800
Event: 0.433 Protecting memory [0x000070000dfa3000,0x000070000dfa7000] with protection modes 0


Dynamic libraries:
0x0000000109691000 	/Users/Roman_Tiupin/Library/Java/JavaVirtualMachines/openjdk-19.0.1/Contents/Home/lib/libjli.dylib
0x00007ff825654000 	/usr/lib/libz.1.dylib
0x00007ff825738000 	/usr/lib/libSystem.B.dylib
0x00007ff825733000 	/usr/lib/system/libcache.dylib
0x00007ff8256ee000 	/usr/lib/system/libcommonCrypto.dylib
0x00007ff825717000 	/usr/lib/system/libcompiler_rt.dylib
0x00007ff82570d000 	/usr/lib/system/libcopyfile.dylib
0x00007ff819836000 	/usr/lib/system/libcorecrypto.dylib
0x00007ff8198fa000 	/usr/lib/system/libdispatch.dylib
0x00007ff819a82000 	/usr/lib/system/libdyld.dylib
0x00007ff825729000 	/usr/lib/system/libkeymgr.dylib
0x00007ff8256cd000 	/usr/lib/system/libmacho.dylib
0x00007ff824ca1000 	/usr/lib/system/libquarantine.dylib
0x00007ff825727000 	/usr/lib/system/libremovefile.dylib
0x00007ff81e747000 	/usr/lib/system/libsystem_asl.dylib
0x00007ff8197d8000 	/usr/lib/system/libsystem_blocks.dylib
0x00007ff819944000 	/usr/lib/system/libsystem_c.dylib
0x00007ff82571f000 	/usr/lib/system/libsystem_collections.dylib
0x00007ff823f30000 	/usr/lib/system/libsystem_configuration.dylib
0x00007ff822fa8000 	/usr/lib/system/libsystem_containermanager.dylib
0x00007ff82538c000 	/usr/lib/system/libsystem_coreservices.dylib
0x00007ff81c7c4000 	/usr/lib/system/libsystem_darwin.dylib
0x00007ff82572a000 	/usr/lib/system/libsystem_dnssd.dylib
0x00007ff819941000 	/usr/lib/system/libsystem_featureflags.dylib
0x00007ff819aad000 	/usr/lib/system/libsystem_info.dylib
0x00007ff825667000 	/usr/lib/system/libsystem_m.dylib
0x00007ff8198cd000 	/usr/lib/system/libsystem_malloc.dylib
0x00007ff81e6d6000 	/usr/lib/system/libsystem_networkextension.dylib
0x00007ff81cc09000 	/usr/lib/system/libsystem_notify.dylib
0x00007ff823f34000 	/usr/lib/system/libsystem_sandbox.dylib
0x00007ff825724000 	/usr/lib/system/libsystem_secinit.dylib
0x00007ff819a3c000 	/usr/lib/system/libsystem_kernel.dylib
0x00007ff819aa3000 	/usr/lib/system/libsystem_platform.dylib
0x00007ff819a76000 	/usr/lib/system/libsystem_pthread.dylib
0x00007ff82009f000 	/usr/lib/system/libsystem_symptoms.dylib
0x00007ff81981c000 	/usr/lib/system/libsystem_trace.dylib
0x00007ff8256fa000 	/usr/lib/system/libunwind.dylib
0x00007ff8197dc000 	/usr/lib/system/libxpc.dylib
0x00007ff819a26000 	/usr/lib/libc++abi.dylib
0x00007ff819707000 	/usr/lib/libobjc.A.dylib
0x00007ff825705000 	/usr/lib/liboah.dylib
0x00007ff8199cd000 	/usr/lib/libc++.1.dylib
0x00007ff831b08000 	/System/Library/Frameworks/Cocoa.framework/Versions/A/Cocoa
0x00007ff81cc68000 	/System/Library/Frameworks/AppKit.framework/Versions/C/AppKit
0x00007ff81f825000 	/System/Library/Frameworks/CoreData.framework/Versions/A/CoreData
0x00007ff81a953000 	/System/Library/Frameworks/Foundation.framework/Versions/C/Foundation
0x00007ff81dc71000 	/System/Library/PrivateFrameworks/UIFoundation.framework/Versions/A/UIFoundation
0x00007ffb1bc4b000 	/System/Library/PrivateFrameworks/CollectionViewCore.framework/Versions/A/CollectionViewCore
0x00007ff82bac6000 	/System/Library/PrivateFrameworks/RemoteViewServices.framework/Versions/A/RemoteViewServices
0x00007ff823780000 	/System/Library/PrivateFrameworks/XCTTargetBootstrap.framework/Versions/A/XCTTargetBootstrap
0x00007ff8275a9000 	/System/Library/PrivateFrameworks/InternationalSupport.framework/Versions/A/InternationalSupport
0x00007ff827632000 	/System/Library/PrivateFrameworks/UserActivity.framework/Versions/A/UserActivity
0x00007ffb31f1d000 	/System/Library/PrivateFrameworks/WindowManagement.framework/Versions/A/WindowManagement
0x00007ff81a63d000 	/System/Library/Frameworks/SystemConfiguration.framework/Versions/A/SystemConfiguration
0x00007ff8269a1000 	/usr/lib/libspindump.dylib
0x00007ff81de3f000 	/System/Library/Frameworks/UniformTypeIdentifiers.framework/Versions/A/UniformTypeIdentifiers
0x00007ff821c60000 	/usr/lib/libapp_launch_measurement.dylib
0x00007ff820de6000 	/System/Library/PrivateFrameworks/CoreAnalytics.framework/Versions/A/CoreAnalytics
0x00007ff821c63000 	/System/Library/PrivateFrameworks/CoreAutoLayout.framework/Versions/A/CoreAutoLayout
0x00007ff822ff4000 	/System/Library/Frameworks/Metal.framework/Versions/A/Metal
0x00007ff823f3f000 	/usr/lib/liblangid.dylib
0x00007ff823785000 	/System/Library/PrivateFrameworks/CoreSVG.framework/Versions/A/CoreSVG
0x00007ff81e779000 	/System/Library/PrivateFrameworks/SkyLight.framework/Versions/A/SkyLight
0x00007ff81eb63000 	/System/Library/Frameworks/CoreGraphics.framework/Versions/A/CoreGraphics
0x00007ff82c198000 	/System/Library/Frameworks/Accelerate.framework/Versions/A/Accelerate
0x00007ff826416000 	/System/Library/PrivateFrameworks/IconServices.framework/Versions/A/IconServices
0x00007ff822fd7000 	/System/Library/Frameworks/IOSurface.framework/Versions/A/IOSurface
0x00007ff820e10000 	/usr/lib/libDiagnosticMessagesClient.dylib
0x00007ff82f71a000 	/System/Library/Frameworks/ApplicationServices.framework/Versions/A/ApplicationServices
0x00007ff82376c000 	/System/Library/PrivateFrameworks/DFRFoundation.framework/Versions/A/DFRFoundation
0x00007ff81c530000 	/usr/lib/libicucore.A.dylib
0x00007ff82844c000 	/System/Library/Frameworks/AudioToolbox.framework/Versions/A/AudioToolbox
0x00007ff8275b4000 	/System/Library/PrivateFrameworks/DataDetectorsCore.framework/Versions/A/DataDetectorsCore
0x00007ff91ec22000 	/System/Library/PrivateFrameworks/TextInput.framework/Versions/A/TextInput
0x00007ff81e6ee000 	/usr/lib/libMobileGestalt.dylib
0x00007ff823474000 	/System/Library/Frameworks/Carbon.framework/Versions/A/Frameworks/HIToolbox.framework/Versions/A/HIToolbox
0x00007ff821601000 	/System/Library/Frameworks/QuartzCore.framework/Versions/A/QuartzCore
0x00007ff81c1ae000 	/System/Library/Frameworks/Security.framework/Versions/A/Security
0x00007ff82bafe000 	/System/Library/Frameworks/Carbon.framework/Versions/A/Frameworks/SpeechRecognition.framework/Versions/A/SpeechRecognition
0x00007ff8219a0000 	/System/Library/PrivateFrameworks/CoreUI.framework/Versions/A/CoreUI
0x00007ff81ba8f000 	/System/Library/Frameworks/CoreAudio.framework/Versions/A/CoreAudio
0x00007ff820eea000 	/System/Library/Frameworks/DiskArbitration.framework/Versions/A/DiskArbitration
0x00007ff826dc3000 	/System/Library/PrivateFrameworks/MultitouchSupport.framework/Versions/A/MultitouchSupport
0x00007ff81e6ed000 	/usr/lib/libenergytrace.dylib
0x00007ff81cb4a000 	/System/Library/Frameworks/IOKit.framework/Versions/A/IOKit
0x00007ff82bef7000 	/System/Library/Frameworks/CoreServices.framework/Versions/A/CoreServices
0x00007ff821bf8000 	/System/Library/PrivateFrameworks/PerformanceAnalysis.framework/Versions/A/PerformanceAnalysis
0x00007ffa2f186000 	/System/Library/Frameworks/OpenGL.framework/Versions/A/OpenGL
0x00007ff821cab000 	/usr/lib/libxml2.2.dylib
0x00007ff824bb4000 	/System/Library/PrivateFrameworks/MobileKeyBag.framework/Versions/A/MobileKeyBag
0x00007ff81f287000 	/System/Library/Frameworks/ColorSync.framework/Versions/A/ColorSync
0x00007ff819ad8000 	/System/Library/Frameworks/CoreFoundation.framework/Versions/A/CoreFoundation
0x00007ff823b1c000 	/System/Library/Frameworks/CoreImage.framework/Versions/A/CoreImage
0x00007ff81b8a0000 	/System/Library/Frameworks/CoreText.framework/Versions/A/CoreText
0x00007ff8237bd000 	/System/Library/Frameworks/ImageIO.framework/Versions/A/ImageIO
0x00007ff82573e000 	/System/Library/PrivateFrameworks/SoftLinking.framework/Versions/A/SoftLinking
0x00007ff8259c0000 	/usr/lib/libcompression.dylib
0x00007ff8274db000 	/System/Library/PrivateFrameworks/TextureIO.framework/Versions/A/TextureIO
0x00007ff8260df000 	/usr/lib/libate.dylib
0x00007ff825e8c000 	/usr/lib/liblzma.5.dylib
0x00007ff82573a000 	/usr/lib/libfakelink.dylib
0x00007ff81e330000 	/System/Library/Frameworks/CFNetwork.framework/Versions/A/CFNetwork
0x00007ff825877000 	/usr/lib/libarchive.2.dylib
0x00007ff829d9f000 	/System/Library/Frameworks/Combine.framework/Versions/A/Combine
0x00007ff827ec4000 	/usr/lib/swift/libswiftCore.dylib
0x00007ff91bc67000 	/usr/lib/swift/libswiftCoreFoundation.dylib
0x00007ff919c20000 	/usr/lib/swift/libswiftDarwin.dylib
0x00007ff82d719000 	/usr/lib/swift/libswiftDispatch.dylib
0x00007ff91bc83000 	/usr/lib/swift/libswiftIOKit.dylib
0x00007ff82fb53000 	/usr/lib/swift/libswiftObjectiveC.dylib
0x00007ff91bc78000 	/usr/lib/swift/libswiftXPC.dylib
0x00007ffb387f7000 	/usr/lib/swift/libswift_Concurrency.dylib
0x00007ffb38936000 	/usr/lib/swift/libswift_StringProcessing.dylib
0x00007ff82fb57000 	/usr/lib/swift/libswiftos.dylib
0x00007ff81cacb000 	/System/Library/PrivateFrameworks/CoreServicesInternal.framework/Versions/A/CoreServicesInternal
0x00007ff824cc8000 	/usr/lib/libbsm.0.dylib
0x00007ff8256d2000 	/usr/lib/system/libkxld.dylib
0x00007ff821c2c000 	/System/Library/Frameworks/CoreServices.framework/Versions/A/Frameworks/FSEvents.framework/Versions/A/FSEvents
0x00007ff81c7cf000 	/System/Library/Frameworks/CoreServices.framework/Versions/A/Frameworks/CarbonCore.framework/Versions/A/CarbonCore
0x00007ff820e53000 	/System/Library/Frameworks/CoreServices.framework/Versions/A/Frameworks/Metadata.framework/Versions/A/Metadata
0x00007ff825392000 	/System/Library/Frameworks/CoreServices.framework/Versions/A/Frameworks/OSServices.framework/Versions/A/OSServices
0x00007ff8258ff000 	/System/Library/Frameworks/CoreServices.framework/Versions/A/Frameworks/SearchKit.framework/Versions/A/SearchKit
0x00007ff820026000 	/System/Library/Frameworks/CoreServices.framework/Versions/A/Frameworks/AE.framework/Versions/A/AE
0x00007ff819f72000 	/System/Library/Frameworks/CoreServices.framework/Versions/A/Frameworks/LaunchServices.framework/Versions/A/LaunchServices
0x00007ff825e3d000 	/System/Library/Frameworks/CoreServices.framework/Versions/A/Frameworks/DictionaryServices.framework/Versions/A/DictionaryServices
0x00007ff821c39000 	/System/Library/Frameworks/CoreServices.framework/Versions/A/Frameworks/SharedFileList.framework/Versions/A/SharedFileList
0x00007ff82598b000 	/usr/lib/libapple_nghttp2.dylib
0x00007ff81e32c000 	/usr/lib/libnetwork.dylib
0x00007ff81fc9e000 	/usr/lib/libsqlite3.dylib
0x00007ff8200a7000 	/System/Library/Frameworks/Network.framework/Versions/A/Network
0x00007ffb377e1000 	/usr/lib/libCoreEntitlements.dylib
0x00007ffb2511c000 	/System/Library/PrivateFrameworks/MessageSecurity.framework/Versions/A/MessageSecurity
0x00007ff81fc85000 	/System/Library/PrivateFrameworks/ProtocolBuffer.framework/Versions/A/ProtocolBuffer
0x00007ff82536b000 	/System/Library/PrivateFrameworks/AppleFSCompression.framework/Versions/A/AppleFSCompression
0x00007ff824cb0000 	/usr/lib/libcoretls.dylib
0x00007ff825ea6000 	/usr/lib/libcoretls_cfhelpers.dylib
0x00007ff8259ba000 	/usr/lib/libpam.2.dylib
0x00007ff825f14000 	/usr/lib/libxar.1.dylib
0x00007ff8263f2000 	/usr/lib/libheimdal-asn1.dylib
0x00007ff82573f000 	/usr/lib/libpcap.A.dylib
0x00007ff820096000 	/usr/lib/libdns_services.dylib
0x00007ff823f3b000 	/System/Library/PrivateFrameworks/AppleSystemInfo.framework/Versions/A/AppleSystemInfo
0x00007ff8249bd000 	/System/Library/PrivateFrameworks/IOMobileFramebuffer.framework/Versions/A/IOMobileFramebuffer
0x00007ff82537c000 	/usr/lib/libbz2.1.0.dylib
0x00007ff824ca4000 	/usr/lib/libCheckFix.dylib
0x00007ff81e75e000 	/System/Library/PrivateFrameworks/TCC.framework/Versions/A/TCC
0x00007ff823f41000 	/System/Library/PrivateFrameworks/CoreNLP.framework/Versions/A/CoreNLP
0x00007ff820e12000 	/System/Library/PrivateFrameworks/MetadataUtilities.framework/Versions/A/MetadataUtilities
0x00007ff824cd8000 	/usr/lib/libmecab.dylib
0x00007ff81a6bc000 	/usr/lib/libCRFSuite.dylib
0x00007ff824d32000 	/usr/lib/libgermantok.dylib
0x00007ff825966000 	/usr/lib/libThaiTokenizer.dylib
0x00007ff820ef2000 	/System/Library/Frameworks/Accelerate.framework/Versions/A/Frameworks/vImage.framework/Versions/A/vImage
0x00007ff82beca000 	/System/Library/Frameworks/Accelerate.framework/Versions/A/Frameworks/vecLib.framework/Versions/A/vecLib
0x00007ff825f56000 	/System/Library/Frameworks/Accelerate.framework/Versions/A/Frameworks/vecLib.framework/Versions/A/libvMisc.dylib
0x00007ff8247e2000 	/System/Library/Frameworks/Accelerate.framework/Versions/A/Frameworks/vecLib.framework/Versions/A/libvDSP.dylib
0x00007ff81a32e000 	/System/Library/Frameworks/Accelerate.framework/Versions/A/Frameworks/vecLib.framework/Versions/A/libBLAS.dylib
0x00007ff825a9e000 	/System/Library/Frameworks/Accelerate.framework/Versions/A/Frameworks/vecLib.framework/Versions/A/libLAPACK.dylib
0x00007ff824d35000 	/System/Library/Frameworks/Accelerate.framework/Versions/A/Frameworks/vecLib.framework/Versions/A/libLinearAlgebra.dylib
0x00007ff8259a3000 	/System/Library/Frameworks/Accelerate.framework/Versions/A/Frameworks/vecLib.framework/Versions/A/libSparseBLAS.dylib
0x00007ff825a98000 	/System/Library/Frameworks/Accelerate.framework/Versions/A/Frameworks/vecLib.framework/Versions/A/libQuadrature.dylib
0x00007ff82402d000 	/System/Library/Frameworks/Accelerate.framework/Versions/A/Frameworks/vecLib.framework/Versions/A/libBNNS.dylib
0x00007ff81a5c6000 	/System/Library/Frameworks/Accelerate.framework/Versions/A/Frameworks/vecLib.framework/Versions/A/libSparse.dylib
0x00007ffb2441b000 	/System/Library/PrivateFrameworks/MIL.framework/Versions/A/MIL
0x00007ff825774000 	/usr/lib/libiconv.2.dylib
0x00007ff8256cc000 	/usr/lib/libcharset.1.dylib
0x00007ff821c10000 	/System/Library/Frameworks/OpenDirectory.framework/Versions/A/Frameworks/CFOpenDirectory.framework/Versions/A/CFOpenDirectory
0x00007ff821c04000 	/System/Library/Frameworks/OpenDirectory.framework/Versions/A/OpenDirectory
0x00007ff825ea8000 	/System/Library/PrivateFrameworks/APFS.framework/Versions/A/APFS
0x00007ff824be7000 	/System/Library/Frameworks/SecurityFoundation.framework/Versions/A/SecurityFoundation
0x00007ff825f22000 	/usr/lib/libutil.dylib
0x00007ffb235ac000 	/System/Library/PrivateFrameworks/InstalledContentLibrary.framework/Versions/A/InstalledContentLibrary
0x00007ff81cb0e000 	/System/Library/PrivateFrameworks/CoreServicesStore.framework/Versions/A/CoreServicesStore
0x00007ffb1a7ee000 	/System/Library/PrivateFrameworks/AppleMobileFileIntegrity.framework/Versions/A/AppleMobileFileIntegrity
0x00007ff91bc47000 	/usr/lib/libmis.dylib
0x00007ff92a27b000 	/System/Library/PrivateFrameworks/MobileSystemServices.framework/Versions/A/MobileSystemServices
0x00007ffa244a9000 	/System/Library/PrivateFrameworks/ConfigProfileHelper.framework/Versions/A/ConfigProfileHelper
0x00007ff825968000 	/System/Library/PrivateFrameworks/AppleSauce.framework/Versions/A/AppleSauce
0x00007ff81b365000 	/System/Library/PrivateFrameworks/LanguageModeling.framework/Versions/A/LanguageModeling
0x00007ff825f26000 	/usr/lib/libxslt.1.dylib
0x00007ff825866000 	/usr/lib/libcmph.dylib
0x00007ff8249ab000 	/System/Library/PrivateFrameworks/CoreEmoji.framework/Versions/A/CoreEmoji
0x00007ff824027000 	/System/Library/PrivateFrameworks/LinguisticData.framework/Versions/A/LinguisticData
0x00007ff81a57c000 	/System/Library/PrivateFrameworks/Lexicon.framework/Versions/A/Lexicon
0x00007ff824c75000 	/System/Library/PrivateFrameworks/BackgroundTaskManagement.framework/Versions/A/BackgroundTaskManagement
0x00007ffb3791b000 	/usr/lib/libTLE.dylib
0x00007ffb3887b000 	/usr/lib/swift/libswift_RegexParser.dylib
0x00007ff826c89000 	/System/Library/PrivateFrameworks/AppleJPEG.framework/Versions/A/AppleJPEG
0x00007ff8263d7000 	/usr/lib/libexpat.1.dylib
0x00007ff827337000 	/System/Library/Frameworks/ImageIO.framework/Versions/A/Resources/libPng.dylib
0x00007ff827364000 	/System/Library/Frameworks/ImageIO.framework/Versions/A/Resources/libTIFF.dylib
0x00007ff827455000 	/System/Library/Frameworks/ImageIO.framework/Versions/A/Resources/libGIF.dylib
0x00007ff826cd4000 	/System/Library/Frameworks/ImageIO.framework/Versions/A/Resources/libJP2.dylib
0x00007ff8273f5000 	/System/Library/Frameworks/ImageIO.framework/Versions/A/Resources/libJPEG.dylib
0x00007ff8273ec000 	/System/Library/Frameworks/ImageIO.framework/Versions/A/Resources/libRadiance.dylib
0x00007ff82330a000 	/System/Library/PrivateFrameworks/FontServices.framework/libFontParser.dylib
0x00007ff81ffcb000 	/System/Library/PrivateFrameworks/RunningBoardServices.framework/Versions/A/RunningBoardServices
0x00007ff832145000 	/System/Library/PrivateFrameworks/IOSurfaceAccelerator.framework/Versions/A/IOSurfaceAccelerator
0x00007ff826dbf000 	/System/Library/PrivateFrameworks/WatchdogClient.framework/Versions/A/WatchdogClient
0x00007ff81b4c7000 	/System/Library/Frameworks/CoreDisplay.framework/Versions/A/CoreDisplay
0x00007ff8231f9000 	/System/Library/Frameworks/CoreMedia.framework/Versions/A/CoreMedia
0x00007ff822feb000 	/System/Library/PrivateFrameworks/IOAccelerator.framework/Versions/A/IOAccelerator
0x00007ff821d8a000 	/System/Library/Frameworks/CoreVideo.framework/Versions/A/CoreVideo
0x00007ff8259b8000 	/System/Library/Frameworks/MetalPerformanceShaders.framework/Versions/A/MetalPerformanceShaders
0x00007ff826dfc000 	/System/Library/Frameworks/VideoToolbox.framework/Versions/A/VideoToolbox
0x00007ff81ff0f000 	/System/Library/PrivateFrameworks/BaseBoard.framework/Versions/A/BaseBoard
0x00007ff8273e5000 	/System/Library/PrivateFrameworks/GPUWrangler.framework/Versions/A/GPUWrangler
0x00007ff8273c9000 	/System/Library/PrivateFrameworks/IOPresentment.framework/Versions/A/IOPresentment
0x00007ff8273ef000 	/System/Library/PrivateFrameworks/DSExternalDisplay.framework/Versions/A/DSExternalDisplay
0x00007ffb1fc1b000 	/System/Library/PrivateFrameworks/GPUCompiler.framework/Versions/31001/Libraries/libllvm-flatbuffers.dylib
0x00007ffa2f17a000 	/System/Library/Frameworks/OpenGL.framework/Versions/A/Libraries/libCoreFSCache.dylib
0x00007ffb1fc17000 	/System/Library/PrivateFrameworks/GPUCompiler.framework/Versions/31001/Libraries/libGPUCompilerUtils.dylib
0x00007ff82745b000 	/System/Library/PrivateFrameworks/CMCaptureCore.framework/Versions/A/CMCaptureCore
0x00007ffa34a4a000 	/System/Library/Frameworks/ExtensionFoundation.framework/Versions/A/ExtensionFoundation
0x00007ff82de96000 	/System/Library/PrivateFrameworks/CoreTime.framework/Versions/A/CoreTime
0x00007ff82698b000 	/System/Library/PrivateFrameworks/AppServerSupport.framework/Versions/A/AppServerSupport
0x00007ff828d17000 	/System/Library/PrivateFrameworks/perfdata.framework/Versions/A/perfdata
0x00007ff81b5f3000 	/System/Library/PrivateFrameworks/AudioToolboxCore.framework/Versions/A/AudioToolboxCore
0x00007ff8231d3000 	/System/Library/PrivateFrameworks/caulk.framework/Versions/A/caulk
0x00007ff8285e4000 	/usr/lib/libAudioStatistics.dylib
0x00007ff91b0ca000 	/System/Library/PrivateFrameworks/SystemPolicy.framework/Versions/A/SystemPolicy
0x00007ff828882000 	/usr/lib/libSMC.dylib
0x00007ff8319ad000 	/System/Library/Frameworks/CoreMIDI.framework/Versions/A/CoreMIDI
0x00007ff827305000 	/usr/lib/libAudioToolboxUtility.dylib
0x00007ff836ee0000 	/System/Library/PrivateFrameworks/OSAServicesClient.framework/Versions/A/OSAServicesClient
0x00007ff828d24000 	/usr/lib/libperfcheck.dylib
0x00007ff8262bb000 	/System/Library/PrivateFrameworks/PlugInKit.framework/Versions/A/PlugInKit
0x00007ff824bda000 	/System/Library/PrivateFrameworks/AssertionServices.framework/Versions/A/AssertionServices
0x00007ffa2f1d5000 	/System/Library/Frameworks/OpenGL.framework/Versions/A/Libraries/libGLU.dylib
0x00007ffa2f199000 	/System/Library/Frameworks/OpenGL.framework/Versions/A/Libraries/libGFXShared.dylib
0x00007ffa2f3a2000 	/System/Library/Frameworks/OpenGL.framework/Versions/A/Libraries/libGL.dylib
0x00007ffa2f1a2000 	/System/Library/Frameworks/OpenGL.framework/Versions/A/Libraries/libGLImage.dylib
0x00007ffa2f196000 	/System/Library/Frameworks/OpenGL.framework/Versions/A/Libraries/libCVMSPluginSupport.dylib
0x00007ffb378fa000 	/usr/lib/libRosetta.dylib
0x00007ffa2f181000 	/System/Library/Frameworks/OpenGL.framework/Versions/A/Libraries/libCoreVMClient.dylib
0x00007ff823eb4000 	/System/Library/Frameworks/MetalPerformanceShaders.framework/Versions/A/Frameworks/MPSCore.framework/Versions/A/MPSCore
0x00007ff8252d5000 	/System/Library/Frameworks/MetalPerformanceShaders.framework/Versions/A/Frameworks/MPSImage.framework/Versions/A/MPSImage
0x00007ff824d4b000 	/System/Library/Frameworks/MetalPerformanceShaders.framework/Versions/A/Frameworks/MPSNeuralNetwork.framework/Versions/A/MPSNeuralNetwork
0x00007ff8251be000 	/System/Library/Frameworks/MetalPerformanceShaders.framework/Versions/A/Frameworks/MPSMatrix.framework/Versions/A/MPSMatrix
0x00007ff824f79000 	/System/Library/Frameworks/MetalPerformanceShaders.framework/Versions/A/Frameworks/MPSRayIntersector.framework/Versions/A/MPSRayIntersector
0x00007ff8251f9000 	/System/Library/Frameworks/MetalPerformanceShaders.framework/Versions/A/Frameworks/MPSNDArray.framework/Versions/A/MPSNDArray
0x00007ffa35dba000 	/System/Library/Frameworks/MetalPerformanceShaders.framework/Versions/A/Frameworks/MPSFunctions.framework/Versions/A/MPSFunctions
0x00007ff81a1ef000 	/System/Library/PrivateFrameworks/MetalTools.framework/Versions/A/MetalTools
0x00007ff823f3a000 	/System/Library/PrivateFrameworks/AggregateDictionary.framework/Versions/A/AggregateDictionary
0x00007ff826176000 	/usr/lib/libIOReport.dylib
0x00007ffa30785000 	/System/Library/Frameworks/OpenCL.framework/Versions/A/OpenCL
0x00007ff82651d000 	/System/Library/PrivateFrameworks/GraphVisualizer.framework/Versions/A/GraphVisualizer
0x00007ffb1fb2c000 	/System/Library/PrivateFrameworks/FontServices.framework/Versions/A/FontServices
0x00007ff826946000 	/System/Library/PrivateFrameworks/OTSVG.framework/Versions/A/OTSVG
0x00007ff821954000 	/System/Library/Frameworks/ApplicationServices.framework/Versions/A/Frameworks/ATS.framework/Versions/A/Resources/libFontRegistry.dylib
0x00007ff826995000 	/System/Library/PrivateFrameworks/FontServices.framework/libhvf.dylib
0x00007ffb1fb2d000 	/System/Library/PrivateFrameworks/FontServices.framework/libXTFontStaticRegistryData.dylib
0x00007ffb30dc6000 	/System/Library/PrivateFrameworks/VideoToolboxParavirtualizationSupport.framework/Versions/A/VideoToolboxParavirtualizationSupport
0x00007ff826387000 	/System/Library/PrivateFrameworks/AppleVA.framework/Versions/A/AppleVA
0x00007ff828624000 	/System/Library/Frameworks/ApplicationServices.framework/Versions/A/Frameworks/ATS.framework/Versions/A/ATS
0x00007ff81f377000 	/System/Library/Frameworks/ApplicationServices.framework/Versions/A/Frameworks/HIServices.framework/Versions/A/HIServices
0x00007ff827467000 	/System/Library/Frameworks/ApplicationServices.framework/Versions/A/Frameworks/PrintCore.framework/Versions/A/PrintCore
0x00007ff8289d7000 	/System/Library/Frameworks/ApplicationServices.framework/Versions/A/Frameworks/QD.framework/Versions/A/QD
0x00007ff8289cf000 	/System/Library/Frameworks/ApplicationServices.framework/Versions/A/Frameworks/ColorSyncLegacy.framework/Versions/A/ColorSyncLegacy
0x00007ff8285f8000 	/System/Library/Frameworks/ApplicationServices.framework/Versions/A/Frameworks/SpeechSynthesis.framework/Versions/A/SpeechSynthesis
0x00007ff827425000 	/System/Library/Frameworks/ApplicationServices.framework/Versions/A/Frameworks/ATSUI.framework/Versions/A/ATSUI
0x00007ff828962000 	/usr/lib/libcups.2.dylib
0x00007ff828d33000 	/System/Library/Frameworks/Kerberos.framework/Versions/A/Kerberos
0x00007ff828d42000 	/System/Library/Frameworks/GSS.framework/Versions/A/GSS
0x00007ff828692000 	/usr/lib/libresolv.9.dylib
0x00007ff8269a6000 	/System/Library/PrivateFrameworks/Heimdal.framework/Versions/A/Heimdal
0x00007ff82fad6000 	/System/Library/Frameworks/Kerberos.framework/Versions/A/Libraries/libHeimdalProxy.dylib
0x00007ff828d8d000 	/System/Library/PrivateFrameworks/CommonAuth.framework/Versions/A/CommonAuth
0x00007ffa33d20000 	/System/Library/Frameworks/AVFAudio.framework/Versions/A/AVFAudio
0x00007ff836f29000 	/System/Library/PrivateFrameworks/AXCoreUtilities.framework/Versions/A/AXCoreUtilities
0x00007ff828574000 	/System/Library/PrivateFrameworks/AudioSession.framework/Versions/A/AudioSession
0x00007ff829b76000 	/System/Library/Frameworks/IOBluetooth.framework/Versions/A/IOBluetooth
0x00007ff82648d000 	/System/Library/PrivateFrameworks/MediaExperience.framework/Versions/A/MediaExperience
0x00007ff82841b000 	/System/Library/PrivateFrameworks/AudioSession.framework/libSessionUtility.dylib
0x00007ff8289e3000 	/System/Library/PrivateFrameworks/AudioResourceArbitration.framework/Versions/A/AudioResourceArbitration
0x00007ff82cacf000 	/System/Library/PrivateFrameworks/PowerLog.framework/Versions/A/PowerLog
0x00007ff82ca11000 	/System/Library/Frameworks/CoreBluetooth.framework/Versions/A/CoreBluetooth
0x00007ff82fad7000 	/System/Library/Frameworks/AudioUnit.framework/Versions/A/AudioUnit
0x00007ff824a44000 	/System/Library/PrivateFrameworks/CoreUtils.framework/Versions/A/CoreUtils
0x00007ffb1e6dd000 	/System/Library/PrivateFrameworks/CoreUtilsExtras.framework/Versions/A/CoreUtilsExtras
0x00007ffb2343f000 	/System/Library/PrivateFrameworks/IO80211.framework/Versions/A/IO80211
0x00007ff8263fb000 	/System/Library/PrivateFrameworks/IconFoundation.framework/Versions/A/IconFoundation
0x00007ff82baee000 	/System/Library/PrivateFrameworks/SpeechRecognitionCore.framework/Versions/A/SpeechRecognitionCore
0x000000011290b000 	/Users/Roman_Tiupin/Library/Java/JavaVirtualMachines/openjdk-19.0.1/Contents/Home/lib/server/libjvm.dylib
0x0000000109648000 	/Users/Roman_Tiupin/Library/Java/JavaVirtualMachines/openjdk-19.0.1/Contents/Home/lib/libjimage.dylib
0x00000001096ba000 	/Users/Roman_Tiupin/Library/Java/JavaVirtualMachines/openjdk-19.0.1/Contents/Home/lib/libinstrument.dylib
0x00000001096fd000 	/Users/Roman_Tiupin/Library/Java/JavaVirtualMachines/openjdk-19.0.1/Contents/Home/lib/libjava.dylib
0x00000001096e1000 	/Users/Roman_Tiupin/Library/Java/JavaVirtualMachines/openjdk-19.0.1/Contents/Home/lib/libzip.dylib
0x0000000109788000 	/Users/Roman_Tiupin/Library/Java/JavaVirtualMachines/openjdk-19.0.1/Contents/Home/lib/libnio.dylib
0x00000001097a4000 	/Users/Roman_Tiupin/Library/Java/JavaVirtualMachines/openjdk-19.0.1/Contents/Home/lib/libnet.dylib
0x000000010976d000 	/Users/Roman_Tiupin/Library/Java/JavaVirtualMachines/openjdk-19.0.1/Contents/Home/lib/libextnet.dylib
0x00000001097d6000 	/Users/Roman_Tiupin/Library/Java/JavaVirtualMachines/openjdk-19.0.1/Contents/Home/lib/libverify.dylib


VM Arguments:
jvm_args: -ea -javaagent:/Users/Roman_Tiupin/.m2/repository/org/aspectj/aspectjweaver/1.9.4/aspectjweaver-1.9.4.jar -Didea.test.cyclic.buffer.size=1048576 -javaagent:/Applications/IntelliJ IDEA CE.app/Contents/lib/idea_rt.jar=62863:/Applications/IntelliJ IDEA CE.app/Contents/bin -Dfile.encoding=UTF-8 -Dsun.stdout.encoding=UTF-8 -Dsun.stderr.encoding=UTF-8 
java_command: com.intellij.rt.testng.RemoteTestNGStarter -usedefaultlisteners false -socket62862 @w@/private/var/folders/qb/sg3pm14j31q207nbsg2hxf2h0000gn/T/idea_working_dirs_testng.tmp -temp /private/var/folders/qb/sg3pm14j31q207nbsg2hxf2h0000gn/T/idea_testng.tmp
java_class_path (initial): /Applications/IntelliJ IDEA CE.app/Contents/lib/idea_rt.jar:/Applications/IntelliJ IDEA CE.app/Contents/plugins/testng/lib/testng-rt.jar:/Users/Roman_Tiupin/Documents/LearnCourse/Tiupin_TAF/target/test-classes:/Users/Roman_Tiupin/Documents/LearnCourse/Tiupin_TAF/target/classes:/Users/Roman_Tiupin/.m2/repository/io/github/bonigarcia/webdrivermanager/5.1.1/webdrivermanager-5.1.1.jar:/Users/Roman_Tiupin/.m2/repository/org/slf4j/slf4j-api/1.7.36/slf4j-api-1.7.36.jar:/Users/Roman_Tiupin/.m2/repository/com/google/code/gson/gson/2.9.0/gson-2.9.0.jar:/Users/Roman_Tiupin/.m2/repository/com/github/docker-java/docker-java/3.2.13/docker-java-3.2.13.jar:/Users/Roman_Tiupin/.m2/repository/com/github/docker-java/docker-java-core/3.2.13/docker-java-core-3.2.13.jar:/Users/Roman_Tiupin/.m2/repository/com/github/docker-java/docker-java-api/3.2.13/docker-java-api-3.2.13.jar:/Users/Roman_Tiupin/.m2/repository/com/fasterxml/jackson/core/jackson-annotations/2.10.3/jackson-annotations-2.10.3.jar:/Users/Roman_Tiupin/.m2/repository/com/fasterxml/jackson/core/jackson-databind/2.10.3/jackson-databind-2.10.3.jar:/Users/Roman_Tiupin/.m2/repository/com/fasterxml/jackson/core/jackson-core/2.10.3/jackson-core-2.10.3.jar:/Users/Roman_Tiupin/.m2/repository/org/bouncycastle/bcpkix-jdk15on/1.64/bcpkix-jdk15on-1.64.jar:/Users/Roman_Tiupin/.m2/repository/org/bouncycastle/bcprov-jdk15on/1.64/bcprov-jdk15on-1.64.jar:/Users/Roman_Tiupin/.m2/repository/org/slf4j/jcl-over-slf4j/1.7.30/jcl-over-slf4j-1.7.30.jar:/Users/Roman_Tiupin/.m2/repository/com/github/docker-java/docker-java-transport-httpclient5/3.2.13/docker-java-transport-httpclient5-3.2.13.jar:/Users/Roman_Tiupin/.m2/repository/com/github/docker-java/docker-java-transport/3.2.13/docker-java-transport-3.2.13.jar:/Users/Roman_Tiupin/.m2/repository/net/java/dev/jna/jna/5.8.0/jna-5.8.0.jar:/Users/Roman_Tiupin/.m2/repository/org/brotli/dec/0.1.2/dec-0.1.2.jar:/Users/Roman_Tiupin/.m2/repository/org/apache/commons/commons-lang3/3.12.0/commons-lang3-3.12.0.jar:/Users/Roman_Tiupin/.m2/repository/org/apache/httpcomponents/client5/httpclient5/5.1.3/httpclient5-5.1.3.jar:/Users/Roman_Tiupin/.m2/repository/org/apache/httpcomponents/core5/httpcore5/5.1.3/httpcore5-5.1.3.jar:/Users/Roman_Tiupin/.m2/repository/org/apache/httpcomponents/core5/httpcore5-h2/5.1.3/httpcore5-h2-5.1.3.jar:/Users/Roman_Tiupin/.m2/repository/commons-codec/commons-codec/1.15/commons-codec-1.15.jar:/Users/Roman_Tiupin/.m2/repository/org/testng/testng/7.5/testng-7.5.jar:/Users/Roman_Tiupin/.m2/repository/com/google/code/findbugs/jsr305/3.0.1/jsr305-3.0.1.jar:/Users/Roman_Tiupin/.m2/repository/com/beust/jcommander/1.78/jcommander-1.78.jar:/Users/Roman_Tiupin/.m2/repository/org/webjars/jquery/3.5.1/jquery-3.5.1.jar:/Users/Roman_Tiupin/.m2/repository/com/codeborne/selenide/6.4.0/selenide-6.4.0.jar:/Users/Roman_Tiupin/.m2/repository/org/seleniumhq/selenium/selenium-java/4.1.3/selenium-java-4.1.3.jar:/Users/Roman_Tiupin/.m2/repository/org/seleniumhq/selenium/selenium-api/4.1.3/selenium-api-4.1.3.jar:/Users/Roman_Tiupin/.m2/repository/org/seleniumhq/selenium/selenium-chrome-driver/4.1.3/selenium-chrome-driver-4.1.3.jar:/Users/Roman_Tiupin/.m2/repository/com/google/auto/service/auto-service-annotations/1.0.1/auto-service-annotations-1.0.1.jar:/Users/Roman_Tiupin/.m2/repository/com/google/auto/service/auto-service/1.0.1/auto-service-1.0.1.jar:/Users/Roman_Tiupin/.m2/repository/com/google/auto/auto-common/1.2/auto-common-1.2.jar:/Users/Roman_Tiupin/.m2/repository/org/seleniumhq/selenium/selenium-chromium-driver/4.1.3/selenium-chromium-driver-4.1.3.jar:/Users/Roman_Tiupin/.m2/repository/org/seleniumhq/selenium/selenium-json/4.1.3/selenium-json-4.1.3.jar:/Users/Roman_Tiupin/.m2/repository/org/seleniumhq/selenium/selenium-devtools-v85/4.1.3/selenium-devtools-v85-4.1.3.jar:/Users/Roman_Tiupin/.m2/repository/org/seleniumhq/selenium/selenium-devtools-v97/4.1.3/selenium-devtools-v97-4.1.3.jar:/Users/Roman_Tiupin/.m2/repository/org/seleniumhq/selenium/selenium-devtools-v98/4.1.3/selenium-devtools-v98-4.1.3.jar:/Users/Roman_Tiupin/.m2/repository/org/seleniumhq/selenium/selenium-devtools-v99/4.1.3/selenium-devtools-v99-4.1.3.jar:/Users/Roman_Tiupin/.m2/repository/org/seleniumhq/selenium/selenium-edge-driver/4.1.3/selenium-edge-driver-4.1.3.jar:/Users/Roman_Tiupin/.m2/repository/org/seleniumhq/selenium/selenium-firefox-driver/4.1.3/selenium-firefox-driver-4.1.3.jar:/Users/Roman_Tiupin/.m2/repository/org/seleniumhq/selenium/selenium-ie-driver/4.1.3/selenium-ie-driver-4.1.3.jar:/Users/Roman_Tiupin/.m2/repository/org/seleniumhq/selenium/selenium-opera-driver/4.1.3/selenium-opera-driver-4.1.3.jar:/Users/Roman_Tiupin/.m2/repository/org/seleniumhq/selenium/selenium-remote-driver/4.1.3/selenium-remote-driver-4.1.3.jar:/Users/Roman_Tiupin/.m2/repository/io/netty/netty-buffer/4.1.75.Final/netty-buffer-4.1.75.Final.jar:/Users/Roman_Tiupin/.m2/repository/io/netty/netty-codec-http/4.1.75.Final/netty-codec-http-4.1.75.Final.jar:/Users/Roman_Tiupin/.m2/repository/io/netty/netty-codec/4.1.75.Final/netty-codec-4.1.75.Final.jar:/Users/Roman_Tiupin/.m2/repository/io/netty/netty-handler/4.1.75.Final/netty-handler-4.1.75.Final.jar:/Users/Roman_Tiupin/.m2/repository/io/netty/netty-common/4.1.75.Final/netty-common-4.1.75.Final.jar:/Users/Roman_Tiupin/.m2/repository/io/netty/netty-transport-classes-epoll/4.1.75.Final/netty-transport-classes-epoll-4.1.75.Final.jar:/Users/Roman_Tiupin/.m2/repository/io/netty/netty-transport-classes-kqueue/4.1.75.Final/netty-transport-classes-kqueue-4.1.75.Final.jar:/Users/Roman_Tiupin/.m2/repository/io/netty/netty-transport-native-epoll/4.1.75.Final/netty-transport-native-epoll-4.1.75.Final.jar:/Users/Roman_Tiupin/.m2/repository/io/netty/netty-transport-native-kqueue/4.1.75.Final/netty-transport-native-kqueue-4.1.75.Final.jar:/Users/Roman_Tiupin/.m2/repository/io/netty/netty-transport-native-unix-common/4.1.75.Final/netty-transport-native-unix-common-4.1.75.Final.jar:/Users/Roman_Tiupin/.m2/repository/io/netty/netty-transport/4.1.75.Final/netty-transport-4.1.75.Final.jar:/Users/Roman_Tiupin/.m2/repository/io/netty/netty-resolver/4.1.75.Final/netty-resolver-4.1.75.Final.jar:/Users/Roman_Tiupin/.m2/repository/io/opentelemetry/opentelemetry-api/1.12.0/opentelemetry-api-1.12.0.jar:/Users/Roman_Tiupin/.m2/repository/io/opentelemetry/opentelemetry-context/1.12.0/opentelemetry-context-1.12.0.jar:/Users/Roman_Tiupin/.m2/repository/io/opentelemetry/opentelemetry-exporter-logging/1.12.0/opentelemetry-exporter-logging-1.12.0.jar:/Users/Roman_Tiupin/.m2/repository/io/opentelemetry/opentelemetry-sdk-metrics/1.12.0-alpha/opentelemetry-sdk-metrics-1.12.0-alpha.jar:/Users/Roman_Tiupin/.m2/repository/io/opentelemetry/opentelemetry-sdk-logs/1.12.0-alpha/opentelemetry-sdk-logs-1.12.0-alpha.jar:/Users/Roman_Tiupin/.m2/repository/io/opentelemetry/opentelemetry-sdk-common/1.12.0/opentelemetry-sdk-common-1.12.0.jar:/Users/Roman_Tiupin/.m2/repository/io/opentelemetry/opentelemetry-sdk-extension-autoconfigure-spi/1.12.0/opentelemetry-sdk-extension-autoconfigure-spi-1.12.0.jar:/Users/Roman_Tiupin/.m2/repository/io/opentelemetry/opentelemetry-sdk-extension-autoconfigure/1.12.0-alpha/opentelemetry-sdk-extension-autoconfigure-1.12.0-alpha.jar:/Users/Roman_Tiupin/.m2/repository/io/opentelemetry/opentelemetry-sdk-trace/1.12.0/opentelemetry-sdk-trace-1.12.0.jar:/Users/Roman_Tiupin/.m2/repository/io/opentelemetry/opentelemetry-sdk/1.12.0/opentelemetry-sdk-1.12.0.jar:/Users/Roman_Tiupin/.m2/repository/io/opentelemetry/opentelemetry-semconv/1.12.0-alpha/opentelemetry-semconv-1.12.0-alpha.jar:/Users/Roman_Tiupin/.m2/repository/io/ous/jtoml/2.0.0/jtoml-2.0.0.jar:/Users/Roman_Tiupin/.m2/repository/org/apache/commons/commons-exec/1.3/commons-exec-1.3.jar:/Users/Roman_Tiupin/.m2/repository/org/asynchttpclient/async-http-client/2.12.3/async-http-client-2.12.3.jar:/Users/Roman_Tiupin/.m2/repository/org/asynchttpclient/async-http-client-netty-utils/2.12.3/async-http-client-netty-utils-2.12.3.jar:/Users/Roman_Tiupin/.m2/repository/io/netty/netty-codec-socks/4.1.60.Final/netty-codec-socks-4.1.60.Final.jar:/Users/Roman_Tiupin/.m2/repository/io/netty/netty-handler-proxy/4.1.60.Final/netty-handler-proxy-4.1.60.Final.jar:/Users/Roman_Tiupin/.m2/repository/io/netty/netty-transport-native-epoll/4.1.60.Final/netty-transport-native-epoll-4.1.60.Final-linux-x86_64.jar:/Users/Roman_Tiupin/.m2/repository/io/netty/netty-transport-native-kqueue/4.1.60.Final/netty-transport-native-kqueue-4.1.60.Final-osx-x86_64.jar:/Users/Roman_Tiupin/.m2/repository/org/reactivestreams/reactive-streams/1.0.3/reactive-streams-1.0.3.jar:/Users/Roman_Tiupin/.m2/repository/com/typesafe/netty/netty-reactive-streams/2.0.4/netty-reactive-streams-2.0.4.jar:/Users/Roman_Tiupin/.m2/repository/com/sun/activation/jakarta.activation/1.2.2/jakarta.activation-1.2.2.jar:/Users/Roman_Tiupin/.m2/repository/org/seleniumhq/selenium/selenium-http/4.1.3/selenium-http-4.1.3.jar:/Users/Roman_Tiupin/.m2/repository/dev/failsafe/failsafe/3.2.3/failsafe-3.2.3.jar:/Users/Roman_Tiupin/.m2/repository/org/seleniumhq/selenium/selenium-safari-driver/4.1.3/selenium-safari-driver-4.1.3.jar:/Users/Roman_Tiupin/.m2/repository/org/seleniumhq/selenium/selenium-support/4.1.3/selenium-support-4.1.3.jar:/Users/Roman_Tiupin/.m2/repository/com/codeborne/selenide-core/6.4.0/selenide-core-6.4.0.jar:/Users/Roman_Tiupin/.m2/repository/org/opentest4j/opentest4j/1.2.0/opentest4j-1.2.0.jar:/Users/Roman_Tiupin/.m2/repository/commons-lang/commons-lang/2.6/commons-lang-2.6.jar:/Users/Roman_Tiupin/.m2/repository/org/apache/commons/commons-compress/1.21/commons-compress-1.21.jar:/Users/Roman_Tiupin/.m2/repository/commons-io/commons-io/2.11.0/commons-io-2.11.0.jar:/Users/Roman_Tiupin/.m2/repository/org/projectlombok/lombok/1.18.24/lombok-1.18.24.jar:/Users/Roman_Tiupin/.m2/repository/org/apache/logging/log4j/log4j-api/2.17.2/log4j-api-2.17.2.jar:/Users/Roman_Tiupin/.m2/repository/org/apache/logging/log4j/log4j-core/2.17.2/log4j-core-2.17.2.jar:/Users/Roman_Tiupin/.m2/repository/org/reflections/reflections/0.10.2/reflections-0.10.2.jar:/Users/Roman_Tiupin/.m2/repository/org/javassist/javassist/3.28.0-GA/javassist-3.28.0-GA.jar:/Users/Roman_Tiupin/.m2/repository/io/qameta/allure/allure-testng/2.17.3/allure-testng-2.17.3.jar:/Users/Roman_Tiupin/.m2/repository/io/qameta/allure/allure-java-commons/2.17.3/allure-java-commons-2.17.3.jar:/Users/Roman_Tiupin/.m2/repository/io/qameta/allure/allure-model/2.17.3/allure-model-2.17.3.jar:/Users/Roman_Tiupin/.m2/repository/io/qameta/allure/allure-test-filter/2.17.3/allure-test-filter-2.17.3.jar:/Users/Roman_Tiupin/.m2/repository/com/google/guava/guava/31.1-jre/guava-31.1-jre.jar:/Users/Roman_Tiupin/.m2/repository/com/google/guava/failureaccess/1.0.1/failureaccess-1.0.1.jar:/Users/Roman_Tiupin/.m2/repository/com/google/guava/listenablefuture/9999.0-empty-to-avoid-conflict-with-guava/listenablefuture-9999.0-empty-to-avoid-conflict-with-guava.jar:/Users/Roman_Tiupin/.m2/repository/org/checkerframework/checker-qual/3.12.0/checker-qual-3.12.0.jar:/Users/Roman_Tiupin/.m2/repository/com/google/errorprone/error_prone_annotations/2.11.0/error_prone_annotations-2.11.0.jar:/Users/Roman_Tiupin/.m2/repository/com/google/j2objc/j2objc-annotations/1.3/j2objc-annotations-1.3.jar:/Users/Roman_Tiupin/.m2/repository/org/hamcrest/hamcrest-all/1.3/hamcrest-all-1.3.jar:/Users/Roman_Tiupin/.m2/repository/javassist/javassist/3.12.1.GA/javassist-3.12.1.GA.jar
Launcher Type: SUN_STANDARD

[Global flags]
     intx CICompilerCount                          = 12                                        {product} {ergonomic}
     uint ConcGCThreads                            = 3                                         {product} {ergonomic}
     uint G1ConcRefinementThreads                  = 13                                        {product} {ergonomic}
   size_t G1HeapRegionSize                         = 4194304                                   {product} {ergonomic}
    uintx GCDrainStackTargetSize                   = 64                                        {product} {ergonomic}
   size_t InitialHeapSize                          = 536870912                                 {product} {ergonomic}
   size_t MarkStackSize                            = 4194304                                   {product} {ergonomic}
   size_t MaxHeapSize                              = 8589934592                                {product} {ergonomic}
   size_t MaxNewSize                               = 5150605312                                {product} {ergonomic}
   size_t MinHeapDeltaBytes                        = 4194304                                   {product} {ergonomic}
   size_t MinHeapSize                              = 8388608                                   {product} {ergonomic}
    uintx NonNMethodCodeHeapSize                   = 7602480                                {pd product} {ergonomic}
    uintx NonProfiledCodeHeapSize                  = 122027880                              {pd product} {ergonomic}
    uintx ProfiledCodeHeapSize                     = 122027880                              {pd product} {ergonomic}
    uintx ReservedCodeCacheSize                    = 251658240                              {pd product} {ergonomic}
     bool SegmentedCodeCache                       = true                                      {product} {ergonomic}
   size_t SoftMaxHeapSize                          = 8589934592                             {manageable} {ergonomic}
     bool UseCompressedClassPointers               = true                           {product lp64_product} {ergonomic}
     bool UseCompressedOops                        = true                           {product lp64_product} {ergonomic}
     bool UseG1GC                                  = true                                      {product} {ergonomic}
     bool UseNUMA                                  = false                                     {product} {ergonomic}
     bool UseNUMAInterleaving                      = false                                     {product} {ergonomic}

Logging:
Log output configuration:
 #0: stdout all=warning uptime,level,tags foldmultilines=false
 #1: stderr all=off uptime,level,tags foldmultilines=false

Environment Variables:
JAVA_HOME=/Library/Internet Plug-Ins/JavaAppletPlugin.plugin/Contents/Home
PATH=/usr/local/bin:/System/Cryptexes/App/usr/bin:/usr/bin:/bin:/usr/sbin:/sbin:/Library/Apple/usr/bin
SHELL=/bin/zsh
LC_CTYPE=en_GB.UTF-8
TMPDIR=/var/folders/qb/sg3pm14j31q207nbsg2hxf2h0000gn/T/

Active Locale:
LC_ALL=C/en_GB.UTF-8/C/C/C/C
LC_COLLATE=C
LC_CTYPE=en_GB.UTF-8
LC_MESSAGES=C
LC_MONETARY=C
LC_NUMERIC=C
LC_TIME=C

Signal Handlers:
   SIGSEGV: crash_handler in libjvm.dylib, mask=11100110000111110111111111111111, flags=SA_RESTART|SA_SIGINFO
    SIGBUS: crash_handler in libjvm.dylib, mask=11100110000111110111111111111111, flags=SA_RESTART|SA_SIGINFO
    SIGFPE: crash_handler in libjvm.dylib, mask=11100110000111110111111111111111, flags=SA_RESTART|SA_SIGINFO
   SIGPIPE: javaSignalHandler in libjvm.dylib, mask=11100110000111110111111111111111, flags=SA_RESTART|SA_SIGINFO
   SIGXFSZ: javaSignalHandler in libjvm.dylib, mask=11100110000111110111111111111111, flags=SA_RESTART|SA_SIGINFO
    SIGILL: crash_handler in libjvm.dylib, mask=11100110000111110111111111111111, flags=SA_RESTART|SA_SIGINFO
   SIGUSR2: SR_handler in libjvm.dylib, mask=00100000000000000000000000000000, flags=SA_RESTART|SA_SIGINFO
    SIGHUP: UserHandler in libjvm.dylib, mask=11100110000111110111111111111111, flags=SA_RESTART|SA_SIGINFO
    SIGINT: UserHandler in libjvm.dylib, mask=11100110000111110111111111111111, flags=SA_RESTART|SA_SIGINFO
   SIGTERM: UserHandler in libjvm.dylib, mask=11100110000111110111111111111111, flags=SA_RESTART|SA_SIGINFO
   SIGQUIT: UserHandler in libjvm.dylib, mask=11100110000111110111111111111111, flags=SA_RESTART|SA_SIGINFO
   SIGTRAP: crash_handler in libjvm.dylib, mask=11100110000111110111111111111111, flags=SA_RESTART|SA_SIGINFO


---------------  S Y S T E M  ---------------

OS:
uname: Darwin 22.3.0 Darwin Kernel Version 22.3.0: Mon Jan 30 20:42:11 PST 2023; root:xnu-8792.81.3~2/RELEASE_X86_64 x86_64
OS uptime: 19 days 3:42 hours
rlimit (soft/hard): STACK 8192k/65532k , CORE 0k/infinity , NPROC 5568/8352 , NOFILE 10240/infinity , AS infinity/infinity , CPU infinity/infinity , DATA infinity/infinity , FSIZE infinity/infinity , MEMLOCK infinity/infinity , RSS infinity/infinity
load average: 2.64 2.79 2.79

CPU: total 16 (initial active 16) (8 cores per cpu, 2 threads per core) family 6 model 158 stepping 13 microcode 0xf4, cx8, cmov, fxsr, ht, mmx, 3dnowpref, sse, sse2, sse3, ssse3, sse4.1, sse4.2, popcnt, lzcnt, tsc, tscinvbit, avx, avx2, aes, erms, clmul, bmi1, bmi2, adx, fma, vzeroupper, clflush, clflushopt, rdtscp

Memory: 4k page, physical 33554432k(499064k free), swap 5242880k(1337344k free)

vm_info: OpenJDK 64-Bit Server VM (19.0.1+10-21) for bsd-amd64 JRE (19.0.1+10-21), built on 2022-09-14T12:45:06Z by "mach5one" with clang Apple LLVM 12.0.0 (clang-1200.0.32.29)

END.
